mode: atomic
github.com/gardener/machine-controller-manager/pkg/controller/alicloudmachineclass.go:40.85,42.37 2 0
github.com/gardener/machine-controller-manager/pkg/controller/alicloudmachineclass.go:45.2,45.81 1 0
github.com/gardener/machine-controller-manager/pkg/controller/alicloudmachineclass.go:42.37,44.3 1 0
github.com/gardener/machine-controller-manager/pkg/controller/alicloudmachineclass.go:45.81,47.3 1 0
github.com/gardener/machine-controller-manager/pkg/controller/alicloudmachineclass.go:50.78,52.30 2 0
github.com/gardener/machine-controller-manager/pkg/controller/alicloudmachineclass.go:55.2,55.74 1 0
github.com/gardener/machine-controller-manager/pkg/controller/alicloudmachineclass.go:52.30,54.3 1 0
github.com/gardener/machine-controller-manager/pkg/controller/alicloudmachineclass.go:55.74,57.3 1 0
github.com/gardener/machine-controller-manager/pkg/controller/alicloudmachineclass.go:60.72,62.27 2 0
github.com/gardener/machine-controller-manager/pkg/controller/alicloudmachineclass.go:65.2,65.57 1 0
github.com/gardener/machine-controller-manager/pkg/controller/alicloudmachineclass.go:62.27,64.3 1 0
github.com/gardener/machine-controller-manager/pkg/controller/alicloudmachineclass.go:65.57,67.3 1 0
github.com/gardener/machine-controller-manager/pkg/controller/alicloudmachineclass.go:70.86,72.30 2 0
github.com/gardener/machine-controller-manager/pkg/controller/alicloudmachineclass.go:76.2,77.30 2 0
github.com/gardener/machine-controller-manager/pkg/controller/alicloudmachineclass.go:82.2,82.62 1 0
github.com/gardener/machine-controller-manager/pkg/controller/alicloudmachineclass.go:72.30,75.3 2 0
github.com/gardener/machine-controller-manager/pkg/controller/alicloudmachineclass.go:77.30,80.3 2 0
github.com/gardener/machine-controller-manager/pkg/controller/alicloudmachineclass.go:82.62,83.61 1 0
github.com/gardener/machine-controller-manager/pkg/controller/alicloudmachineclass.go:83.61,87.4 1 0
github.com/gardener/machine-controller-manager/pkg/controller/alicloudmachineclass.go:88.8,91.61 1 0
github.com/gardener/machine-controller-manager/pkg/controller/alicloudmachineclass.go:94.3,94.61 1 0
github.com/gardener/machine-controller-manager/pkg/controller/alicloudmachineclass.go:91.61,93.4 1 0
github.com/gardener/machine-controller-manager/pkg/controller/alicloudmachineclass.go:94.61,96.4 1 0
github.com/gardener/machine-controller-manager/pkg/controller/alicloudmachineclass.go:100.75,102.2 1 0
github.com/gardener/machine-controller-manager/pkg/controller/alicloudmachineclass.go:104.63,106.16 2 0
github.com/gardener/machine-controller-manager/pkg/controller/alicloudmachineclass.go:110.2,110.38 1 0
github.com/gardener/machine-controller-manager/pkg/controller/alicloudmachineclass.go:106.16,109.3 2 0
github.com/gardener/machine-controller-manager/pkg/controller/alicloudmachineclass.go:113.77,115.23 2 0
github.com/gardener/machine-controller-manager/pkg/controller/alicloudmachineclass.go:118.2,119.23 2 0
github.com/gardener/machine-controller-manager/pkg/controller/alicloudmachineclass.go:123.2,123.35 1 0
github.com/gardener/machine-controller-manager/pkg/controller/alicloudmachineclass.go:115.23,117.3 1 0
github.com/gardener/machine-controller-manager/pkg/controller/alicloudmachineclass.go:119.23,121.3 1 0
github.com/gardener/machine-controller-manager/pkg/controller/alicloudmachineclass.go:126.66,128.2 1 0
github.com/gardener/machine-controller-manager/pkg/controller/alicloudmachineclass.go:132.80,134.16 2 0
github.com/gardener/machine-controller-manager/pkg/controller/alicloudmachineclass.go:138.2,139.28 2 0
github.com/gardener/machine-controller-manager/pkg/controller/alicloudmachineclass.go:143.2,143.16 1 0
github.com/gardener/machine-controller-manager/pkg/controller/alicloudmachineclass.go:148.2,149.16 2 0
github.com/gardener/machine-controller-manager/pkg/controller/alicloudmachineclass.go:157.2,157.12 1 0
github.com/gardener/machine-controller-manager/pkg/controller/alicloudmachineclass.go:134.16,136.3 1 0
github.com/gardener/machine-controller-manager/pkg/controller/alicloudmachineclass.go:139.28,142.3 2 0
github.com/gardener/machine-controller-manager/pkg/controller/alicloudmachineclass.go:143.16,146.3 2 0
github.com/gardener/machine-controller-manager/pkg/controller/alicloudmachineclass.go:149.16,152.3 1 0
github.com/gardener/machine-controller-manager/pkg/controller/alicloudmachineclass.go:152.8,156.3 1 0
github.com/gardener/machine-controller-manager/pkg/controller/alicloudmachineclass.go:160.103,166.16 5 0
github.com/gardener/machine-controller-manager/pkg/controller/alicloudmachineclass.go:170.2,171.89 2 0
github.com/gardener/machine-controller-manager/pkg/controller/alicloudmachineclass.go:177.2,177.36 1 0
github.com/gardener/machine-controller-manager/pkg/controller/alicloudmachineclass.go:184.2,185.16 2 0
github.com/gardener/machine-controller-manager/pkg/controller/alicloudmachineclass.go:189.2,189.36 1 0
github.com/gardener/machine-controller-manager/pkg/controller/alicloudmachineclass.go:206.2,206.23 1 0
github.com/gardener/machine-controller-manager/pkg/controller/alicloudmachineclass.go:218.2,218.54 1 0
github.com/gardener/machine-controller-manager/pkg/controller/alicloudmachineclass.go:166.16,168.3 1 0
github.com/gardener/machine-controller-manager/pkg/controller/alicloudmachineclass.go:171.89,174.3 2 0
github.com/gardener/machine-controller-manager/pkg/controller/alicloudmachineclass.go:177.36,179.17 2 0
github.com/gardener/machine-controller-manager/pkg/controller/alicloudmachineclass.go:179.17,181.4 1 0
github.com/gardener/machine-controller-manager/pkg/controller/alicloudmachineclass.go:185.16,187.3 1 0
github.com/gardener/machine-controller-manager/pkg/controller/alicloudmachineclass.go:189.36,193.78 2 0
github.com/gardener/machine-controller-manager/pkg/controller/alicloudmachineclass.go:203.3,203.13 1 0
github.com/gardener/machine-controller-manager/pkg/controller/alicloudmachineclass.go:193.78,197.18 2 0
github.com/gardener/machine-controller-manager/pkg/controller/alicloudmachineclass.go:200.4,200.72 1 0
github.com/gardener/machine-controller-manager/pkg/controller/alicloudmachineclass.go:197.18,199.5 1 0
github.com/gardener/machine-controller-manager/pkg/controller/alicloudmachineclass.go:206.23,210.36 2 0
github.com/gardener/machine-controller-manager/pkg/controller/alicloudmachineclass.go:214.3,214.85 1 0
github.com/gardener/machine-controller-manager/pkg/controller/alicloudmachineclass.go:210.36,212.4 1 0
github.com/gardener/machine-controller-manager/pkg/controller/alicloudmachineclass.go:226.100,229.93 2 0
github.com/gardener/machine-controller-manager/pkg/controller/alicloudmachineclass.go:233.2,233.12 1 0
github.com/gardener/machine-controller-manager/pkg/controller/alicloudmachineclass.go:229.93,232.3 2 0
github.com/gardener/machine-controller-manager/pkg/controller/alicloudmachineclass.go:236.103,239.92 2 0
github.com/gardener/machine-controller-manager/pkg/controller/alicloudmachineclass.go:243.2,243.12 1 0
github.com/gardener/machine-controller-manager/pkg/controller/alicloudmachineclass.go:239.92,242.3 2 0
github.com/gardener/machine-controller-manager/pkg/controller/alicloudmachineclass.go:246.124,249.16 2 0
github.com/gardener/machine-controller-manager/pkg/controller/alicloudmachineclass.go:253.2,256.16 4 0
github.com/gardener/machine-controller-manager/pkg/controller/alicloudmachineclass.go:260.2,261.12 2 0
github.com/gardener/machine-controller-manager/pkg/controller/alicloudmachineclass.go:249.16,251.3 1 0
github.com/gardener/machine-controller-manager/pkg/controller/alicloudmachineclass.go:256.16,259.3 2 0
github.com/gardener/machine-controller-manager/pkg/controller/alicloudmachineclass.go:264.93,266.16 2 0
github.com/gardener/machine-controller-manager/pkg/controller/alicloudmachineclass.go:269.2,269.50 1 0
github.com/gardener/machine-controller-manager/pkg/controller/alicloudmachineclass.go:266.16,268.3 1 0
github.com/gardener/machine-controller-manager/pkg/controller/controller.go:85.23,116.87 3 0
github.com/gardener/machine-controller-manager/pkg/controller/controller.go:120.2,120.87 1 0
github.com/gardener/machine-controller-manager/pkg/controller/controller.go:124.2,408.24 72 0
github.com/gardener/machine-controller-manager/pkg/controller/controller.go:116.87,118.3 1 0
github.com/gardener/machine-controller-manager/pkg/controller/controller.go:120.87,122.3 1 0
github.com/gardener/machine-controller-manager/pkg/controller/controller.go:481.63,503.297 17 0
github.com/gardener/machine-controller-manager/pkg/controller/controller.go:508.2,516.31 3 0
github.com/gardener/machine-controller-manager/pkg/controller/controller.go:533.2,537.18 4 0
github.com/gardener/machine-controller-manager/pkg/controller/controller.go:503.297,506.3 2 0
github.com/gardener/machine-controller-manager/pkg/controller/controller.go:516.31,531.3 14 0
github.com/gardener/machine-controller-manager/pkg/controller/controller.go:543.206,545.12 2 0
github.com/gardener/machine-controller-manager/pkg/controller/controller.go:545.12,548.3 2 0
github.com/gardener/machine-controller-manager/pkg/controller/controller.go:556.156,557.16 1 0
github.com/gardener/machine-controller-manager/pkg/controller/controller.go:557.16,559.13 2 0
github.com/gardener/machine-controller-manager/pkg/controller/controller.go:559.13,560.23 1 0
github.com/gardener/machine-controller-manager/pkg/controller/controller.go:560.23,562.13 2 0
github.com/gardener/machine-controller-manager/pkg/controller/controller.go:565.5,568.19 3 0
github.com/gardener/machine-controller-manager/pkg/controller/controller.go:575.5,575.44 1 0
github.com/gardener/machine-controller-manager/pkg/controller/controller.go:581.5,583.17 3 0
github.com/gardener/machine-controller-manager/pkg/controller/controller.go:562.13,564.6 1 0
github.com/gardener/machine-controller-manager/pkg/controller/controller.go:568.19,569.28 1 0
github.com/gardener/machine-controller-manager/pkg/controller/controller.go:572.6,572.18 1 0
github.com/gardener/machine-controller-manager/pkg/controller/controller.go:569.28,571.7 1 0
github.com/gardener/machine-controller-manager/pkg/controller/controller.go:575.44,579.6 3 0
github.com/gardener/machine-controller-manager/pkg/controller/secret_util.go:27.77,29.16 2 0
github.com/gardener/machine-controller-manager/pkg/controller/secret_util.go:33.2,34.16 2 0
github.com/gardener/machine-controller-manager/pkg/controller/secret_util.go:38.2,39.16 2 0
github.com/gardener/machine-controller-manager/pkg/controller/secret_util.go:43.2,44.16 2 0
github.com/gardener/machine-controller-manager/pkg/controller/secret_util.go:48.2,49.16 2 0
github.com/gardener/machine-controller-manager/pkg/controller/secret_util.go:53.2,54.16 2 0
github.com/gardener/machine-controller-manager/pkg/controller/secret_util.go:58.2,63.31 1 0
github.com/gardener/machine-controller-manager/pkg/controller/secret_util.go:67.2,67.18 1 0
github.com/gardener/machine-controller-manager/pkg/controller/secret_util.go:29.16,31.3 1 0
github.com/gardener/machine-controller-manager/pkg/controller/secret_util.go:34.16,36.3 1 0
github.com/gardener/machine-controller-manager/pkg/controller/secret_util.go:39.16,41.3 1 0
github.com/gardener/machine-controller-manager/pkg/controller/secret_util.go:44.16,46.3 1 0
github.com/gardener/machine-controller-manager/pkg/controller/secret_util.go:49.16,51.3 1 0
github.com/gardener/machine-controller-manager/pkg/controller/secret_util.go:54.16,56.3 1 0
github.com/gardener/machine-controller-manager/pkg/controller/secret_util.go:63.31,65.3 1 0
github.com/gardener/machine-controller-manager/pkg/controller/secret_util.go:72.113,74.16 2 0
github.com/gardener/machine-controller-manager/pkg/controller/secret_util.go:77.2,78.46 2 0
github.com/gardener/machine-controller-manager/pkg/controller/secret_util.go:83.2,83.22 1 0
github.com/gardener/machine-controller-manager/pkg/controller/secret_util.go:74.16,76.3 1 0
github.com/gardener/machine-controller-manager/pkg/controller/secret_util.go:78.46,79.47 1 0
github.com/gardener/machine-controller-manager/pkg/controller/secret_util.go:79.47,81.4 1 0
github.com/gardener/machine-controller-manager/pkg/controller/secret_util.go:88.101,90.16 2 0
github.com/gardener/machine-controller-manager/pkg/controller/secret_util.go:93.2,94.46 2 0
github.com/gardener/machine-controller-manager/pkg/controller/secret_util.go:99.2,99.22 1 0
github.com/gardener/machine-controller-manager/pkg/controller/secret_util.go:90.16,92.3 1 0
github.com/gardener/machine-controller-manager/pkg/controller/secret_util.go:94.46,95.47 1 0
github.com/gardener/machine-controller-manager/pkg/controller/secret_util.go:95.47,97.4 1 0
github.com/gardener/machine-controller-manager/pkg/controller/secret_util.go:104.105,106.16 2 0
github.com/gardener/machine-controller-manager/pkg/controller/secret_util.go:109.2,110.46 2 0
github.com/gardener/machine-controller-manager/pkg/controller/secret_util.go:115.2,115.22 1 0
github.com/gardener/machine-controller-manager/pkg/controller/secret_util.go:106.16,108.3 1 0
github.com/gardener/machine-controller-manager/pkg/controller/secret_util.go:110.46,111.47 1 0
github.com/gardener/machine-controller-manager/pkg/controller/secret_util.go:111.47,113.4 1 0
github.com/gardener/machine-controller-manager/pkg/controller/secret_util.go:120.111,122.16 2 0
github.com/gardener/machine-controller-manager/pkg/controller/secret_util.go:125.2,126.46 2 0
github.com/gardener/machine-controller-manager/pkg/controller/secret_util.go:131.2,131.22 1 0
github.com/gardener/machine-controller-manager/pkg/controller/secret_util.go:122.16,124.3 1 0
github.com/gardener/machine-controller-manager/pkg/controller/secret_util.go:126.46,127.47 1 0
github.com/gardener/machine-controller-manager/pkg/controller/secret_util.go:127.47,129.4 1 0
github.com/gardener/machine-controller-manager/pkg/controller/secret_util.go:136.101,138.16 2 0
github.com/gardener/machine-controller-manager/pkg/controller/secret_util.go:141.2,142.46 2 0
github.com/gardener/machine-controller-manager/pkg/controller/secret_util.go:147.2,147.22 1 0
github.com/gardener/machine-controller-manager/pkg/controller/secret_util.go:138.16,140.3 1 0
github.com/gardener/machine-controller-manager/pkg/controller/secret_util.go:142.46,143.47 1 0
github.com/gardener/machine-controller-manager/pkg/controller/secret_util.go:143.47,145.4 1 0
github.com/gardener/machine-controller-manager/pkg/controller/secret_util.go:152.107,154.16 2 0
github.com/gardener/machine-controller-manager/pkg/controller/secret_util.go:157.2,158.46 2 0
github.com/gardener/machine-controller-manager/pkg/controller/secret_util.go:163.2,163.22 1 0
github.com/gardener/machine-controller-manager/pkg/controller/secret_util.go:154.16,156.3 1 0
github.com/gardener/machine-controller-manager/pkg/controller/secret_util.go:158.46,159.47 1 0
github.com/gardener/machine-controller-manager/pkg/controller/secret_util.go:159.47,161.4 1 0
github.com/gardener/machine-controller-manager/pkg/controller/gcpmachineclass.go:40.80,42.37 2 0
github.com/gardener/machine-controller-manager/pkg/controller/gcpmachineclass.go:45.2,45.76 1 0
github.com/gardener/machine-controller-manager/pkg/controller/gcpmachineclass.go:42.37,44.3 1 0
github.com/gardener/machine-controller-manager/pkg/controller/gcpmachineclass.go:45.76,47.3 1 0
github.com/gardener/machine-controller-manager/pkg/controller/gcpmachineclass.go:50.73,52.30 2 0
github.com/gardener/machine-controller-manager/pkg/controller/gcpmachineclass.go:55.2,55.69 1 0
github.com/gardener/machine-controller-manager/pkg/controller/gcpmachineclass.go:52.30,54.3 1 0
github.com/gardener/machine-controller-manager/pkg/controller/gcpmachineclass.go:55.69,57.3 1 0
github.com/gardener/machine-controller-manager/pkg/controller/gcpmachineclass.go:60.67,62.27 2 0
github.com/gardener/machine-controller-manager/pkg/controller/gcpmachineclass.go:66.2,66.52 1 0
github.com/gardener/machine-controller-manager/pkg/controller/gcpmachineclass.go:62.27,65.3 2 0
github.com/gardener/machine-controller-manager/pkg/controller/gcpmachineclass.go:66.52,68.3 1 0
github.com/gardener/machine-controller-manager/pkg/controller/gcpmachineclass.go:71.81,73.30 2 0
github.com/gardener/machine-controller-manager/pkg/controller/gcpmachineclass.go:77.2,78.30 2 0
github.com/gardener/machine-controller-manager/pkg/controller/gcpmachineclass.go:83.2,83.62 1 0
github.com/gardener/machine-controller-manager/pkg/controller/gcpmachineclass.go:73.30,76.3 2 0
github.com/gardener/machine-controller-manager/pkg/controller/gcpmachineclass.go:78.30,81.3 2 0
github.com/gardener/machine-controller-manager/pkg/controller/gcpmachineclass.go:83.62,84.56 1 0
github.com/gardener/machine-controller-manager/pkg/controller/gcpmachineclass.go:84.56,88.4 1 0
github.com/gardener/machine-controller-manager/pkg/controller/gcpmachineclass.go:89.8,92.56 1 0
github.com/gardener/machine-controller-manager/pkg/controller/gcpmachineclass.go:95.3,95.56 1 0
github.com/gardener/machine-controller-manager/pkg/controller/gcpmachineclass.go:92.56,94.4 1 0
github.com/gardener/machine-controller-manager/pkg/controller/gcpmachineclass.go:95.56,97.4 1 0
github.com/gardener/machine-controller-manager/pkg/controller/gcpmachineclass.go:101.70,103.2 1 0
github.com/gardener/machine-controller-manager/pkg/controller/gcpmachineclass.go:105.58,107.16 2 0
github.com/gardener/machine-controller-manager/pkg/controller/gcpmachineclass.go:111.2,111.33 1 0
github.com/gardener/machine-controller-manager/pkg/controller/gcpmachineclass.go:107.16,110.3 2 0
github.com/gardener/machine-controller-manager/pkg/controller/gcpmachineclass.go:114.72,116.23 2 0
github.com/gardener/machine-controller-manager/pkg/controller/gcpmachineclass.go:119.2,120.23 2 0
github.com/gardener/machine-controller-manager/pkg/controller/gcpmachineclass.go:124.2,124.30 1 0
github.com/gardener/machine-controller-manager/pkg/controller/gcpmachineclass.go:116.23,118.3 1 0
github.com/gardener/machine-controller-manager/pkg/controller/gcpmachineclass.go:120.23,122.3 1 0
github.com/gardener/machine-controller-manager/pkg/controller/gcpmachineclass.go:127.61,129.2 1 0
github.com/gardener/machine-controller-manager/pkg/controller/gcpmachineclass.go:133.75,135.16 2 0
github.com/gardener/machine-controller-manager/pkg/controller/gcpmachineclass.go:139.2,141.28 2 0
github.com/gardener/machine-controller-manager/pkg/controller/gcpmachineclass.go:145.2,145.16 1 0
github.com/gardener/machine-controller-manager/pkg/controller/gcpmachineclass.go:150.2,151.16 2 0
github.com/gardener/machine-controller-manager/pkg/controller/gcpmachineclass.go:159.2,159.12 1 0
github.com/gardener/machine-controller-manager/pkg/controller/gcpmachineclass.go:135.16,137.3 1 0
github.com/gardener/machine-controller-manager/pkg/controller/gcpmachineclass.go:141.28,144.3 2 0
github.com/gardener/machine-controller-manager/pkg/controller/gcpmachineclass.go:145.16,148.3 2 0
github.com/gardener/machine-controller-manager/pkg/controller/gcpmachineclass.go:151.16,153.3 1 0
github.com/gardener/machine-controller-manager/pkg/controller/gcpmachineclass.go:153.8,157.3 1 0
github.com/gardener/machine-controller-manager/pkg/controller/gcpmachineclass.go:162.93,168.16 5 0
github.com/gardener/machine-controller-manager/pkg/controller/gcpmachineclass.go:172.2,173.89 2 0
github.com/gardener/machine-controller-manager/pkg/controller/gcpmachineclass.go:179.2,179.36 1 0
github.com/gardener/machine-controller-manager/pkg/controller/gcpmachineclass.go:186.2,187.16 2 0
github.com/gardener/machine-controller-manager/pkg/controller/gcpmachineclass.go:191.2,191.36 1 0
github.com/gardener/machine-controller-manager/pkg/controller/gcpmachineclass.go:208.2,208.23 1 0
github.com/gardener/machine-controller-manager/pkg/controller/gcpmachineclass.go:219.2,219.49 1 0
github.com/gardener/machine-controller-manager/pkg/controller/gcpmachineclass.go:168.16,170.3 1 0
github.com/gardener/machine-controller-manager/pkg/controller/gcpmachineclass.go:173.89,176.3 2 0
github.com/gardener/machine-controller-manager/pkg/controller/gcpmachineclass.go:179.36,181.17 2 0
github.com/gardener/machine-controller-manager/pkg/controller/gcpmachineclass.go:181.17,183.4 1 0
github.com/gardener/machine-controller-manager/pkg/controller/gcpmachineclass.go:187.16,189.3 1 0
github.com/gardener/machine-controller-manager/pkg/controller/gcpmachineclass.go:191.36,195.78 2 0
github.com/gardener/machine-controller-manager/pkg/controller/gcpmachineclass.go:205.3,205.13 1 0
github.com/gardener/machine-controller-manager/pkg/controller/gcpmachineclass.go:195.78,199.18 2 0
github.com/gardener/machine-controller-manager/pkg/controller/gcpmachineclass.go:202.4,202.72 1 0
github.com/gardener/machine-controller-manager/pkg/controller/gcpmachineclass.go:199.18,201.5 1 0
github.com/gardener/machine-controller-manager/pkg/controller/gcpmachineclass.go:208.23,212.36 2 0
github.com/gardener/machine-controller-manager/pkg/controller/gcpmachineclass.go:216.3,216.85 1 0
github.com/gardener/machine-controller-manager/pkg/controller/gcpmachineclass.go:212.36,214.4 1 0
github.com/gardener/machine-controller-manager/pkg/controller/gcpmachineclass.go:227.90,230.93 2 0
github.com/gardener/machine-controller-manager/pkg/controller/gcpmachineclass.go:234.2,234.12 1 0
github.com/gardener/machine-controller-manager/pkg/controller/gcpmachineclass.go:230.93,233.3 2 0
github.com/gardener/machine-controller-manager/pkg/controller/gcpmachineclass.go:237.93,240.92 2 0
github.com/gardener/machine-controller-manager/pkg/controller/gcpmachineclass.go:244.2,244.12 1 0
github.com/gardener/machine-controller-manager/pkg/controller/gcpmachineclass.go:240.92,243.3 2 0
github.com/gardener/machine-controller-manager/pkg/controller/gcpmachineclass.go:247.114,250.16 2 0
github.com/gardener/machine-controller-manager/pkg/controller/gcpmachineclass.go:254.2,257.16 4 0
github.com/gardener/machine-controller-manager/pkg/controller/gcpmachineclass.go:261.2,262.12 2 0
github.com/gardener/machine-controller-manager/pkg/controller/gcpmachineclass.go:250.16,252.3 1 0
github.com/gardener/machine-controller-manager/pkg/controller/gcpmachineclass.go:257.16,260.3 2 0
github.com/gardener/machine-controller-manager/pkg/controller/gcpmachineclass.go:265.88,267.16 2 0
github.com/gardener/machine-controller-manager/pkg/controller/gcpmachineclass.go:270.2,270.45 1 0
github.com/gardener/machine-controller-manager/pkg/controller/gcpmachineclass.go:267.16,269.3 1 0
github.com/gardener/machine-controller-manager/pkg/controller/machineclass_util.go:25.111,27.16 2 0
github.com/gardener/machine-controller-manager/pkg/controller/machineclass_util.go:30.2,31.55 2 0
github.com/gardener/machine-controller-manager/pkg/controller/machineclass_util.go:36.2,36.22 1 0
github.com/gardener/machine-controller-manager/pkg/controller/machineclass_util.go:27.16,29.3 1 0
github.com/gardener/machine-controller-manager/pkg/controller/machineclass_util.go:31.55,32.121 1 0
github.com/gardener/machine-controller-manager/pkg/controller/machineclass_util.go:32.121,34.4 1 0
github.com/gardener/machine-controller-manager/pkg/controller/machineclass_util.go:39.97,41.16 2 0
github.com/gardener/machine-controller-manager/pkg/controller/machineclass_util.go:44.2,45.41 2 0
github.com/gardener/machine-controller-manager/pkg/controller/machineclass_util.go:50.2,50.22 1 0
github.com/gardener/machine-controller-manager/pkg/controller/machineclass_util.go:41.16,43.3 1 0
github.com/gardener/machine-controller-manager/pkg/controller/machineclass_util.go:45.41,46.107 1 0
github.com/gardener/machine-controller-manager/pkg/controller/machineclass_util.go:46.107,48.4 1 0
github.com/gardener/machine-controller-manager/pkg/controller/machineclass_util.go:53.91,55.16 2 0
github.com/gardener/machine-controller-manager/pkg/controller/machineclass_util.go:58.2,59.35 2 0
github.com/gardener/machine-controller-manager/pkg/controller/machineclass_util.go:64.2,64.22 1 0
github.com/gardener/machine-controller-manager/pkg/controller/machineclass_util.go:55.16,57.3 1 0
github.com/gardener/machine-controller-manager/pkg/controller/machineclass_util.go:59.35,60.73 1 0
github.com/gardener/machine-controller-manager/pkg/controller/machineclass_util.go:60.73,62.4 1 0
github.com/gardener/machine-controller-manager/pkg/controller/openstackmachineclass.go:40.86,42.37 2 0
github.com/gardener/machine-controller-manager/pkg/controller/openstackmachineclass.go:45.2,45.82 1 0
github.com/gardener/machine-controller-manager/pkg/controller/openstackmachineclass.go:42.37,44.3 1 0
github.com/gardener/machine-controller-manager/pkg/controller/openstackmachineclass.go:45.82,47.3 1 0
github.com/gardener/machine-controller-manager/pkg/controller/openstackmachineclass.go:50.79,52.30 2 0
github.com/gardener/machine-controller-manager/pkg/controller/openstackmachineclass.go:55.2,55.75 1 0
github.com/gardener/machine-controller-manager/pkg/controller/openstackmachineclass.go:52.30,54.3 1 0
github.com/gardener/machine-controller-manager/pkg/controller/openstackmachineclass.go:55.75,57.3 1 0
github.com/gardener/machine-controller-manager/pkg/controller/openstackmachineclass.go:60.73,62.27 2 0
github.com/gardener/machine-controller-manager/pkg/controller/openstackmachineclass.go:66.2,66.58 1 0
github.com/gardener/machine-controller-manager/pkg/controller/openstackmachineclass.go:62.27,65.3 2 0
github.com/gardener/machine-controller-manager/pkg/controller/openstackmachineclass.go:66.58,68.3 1 0
github.com/gardener/machine-controller-manager/pkg/controller/openstackmachineclass.go:71.87,73.30 2 0
github.com/gardener/machine-controller-manager/pkg/controller/openstackmachineclass.go:77.2,78.30 2 0
github.com/gardener/machine-controller-manager/pkg/controller/openstackmachineclass.go:83.2,83.62 1 0
github.com/gardener/machine-controller-manager/pkg/controller/openstackmachineclass.go:73.30,76.3 2 0
github.com/gardener/machine-controller-manager/pkg/controller/openstackmachineclass.go:78.30,81.3 2 0
github.com/gardener/machine-controller-manager/pkg/controller/openstackmachineclass.go:83.62,84.62 1 0
github.com/gardener/machine-controller-manager/pkg/controller/openstackmachineclass.go:84.62,88.4 1 0
github.com/gardener/machine-controller-manager/pkg/controller/openstackmachineclass.go:89.8,92.62 1 0
github.com/gardener/machine-controller-manager/pkg/controller/openstackmachineclass.go:95.3,95.62 1 0
github.com/gardener/machine-controller-manager/pkg/controller/openstackmachineclass.go:92.62,94.4 1 0
github.com/gardener/machine-controller-manager/pkg/controller/openstackmachineclass.go:95.62,97.4 1 0
github.com/gardener/machine-controller-manager/pkg/controller/openstackmachineclass.go:101.76,103.2 1 0
github.com/gardener/machine-controller-manager/pkg/controller/openstackmachineclass.go:105.64,107.16 2 0
github.com/gardener/machine-controller-manager/pkg/controller/openstackmachineclass.go:111.2,111.39 1 0
github.com/gardener/machine-controller-manager/pkg/controller/openstackmachineclass.go:107.16,110.3 2 0
github.com/gardener/machine-controller-manager/pkg/controller/openstackmachineclass.go:114.78,116.23 2 0
github.com/gardener/machine-controller-manager/pkg/controller/openstackmachineclass.go:119.2,120.23 2 0
github.com/gardener/machine-controller-manager/pkg/controller/openstackmachineclass.go:124.2,124.36 1 0
github.com/gardener/machine-controller-manager/pkg/controller/openstackmachineclass.go:116.23,118.3 1 0
github.com/gardener/machine-controller-manager/pkg/controller/openstackmachineclass.go:120.23,122.3 1 0
github.com/gardener/machine-controller-manager/pkg/controller/openstackmachineclass.go:127.67,129.2 1 0
github.com/gardener/machine-controller-manager/pkg/controller/openstackmachineclass.go:133.81,135.16 2 0
github.com/gardener/machine-controller-manager/pkg/controller/openstackmachineclass.go:139.2,140.28 2 0
github.com/gardener/machine-controller-manager/pkg/controller/openstackmachineclass.go:144.2,144.16 1 0
github.com/gardener/machine-controller-manager/pkg/controller/openstackmachineclass.go:149.2,150.16 2 0
github.com/gardener/machine-controller-manager/pkg/controller/openstackmachineclass.go:158.2,158.12 1 0
github.com/gardener/machine-controller-manager/pkg/controller/openstackmachineclass.go:135.16,137.3 1 0
github.com/gardener/machine-controller-manager/pkg/controller/openstackmachineclass.go:140.28,143.3 2 0
github.com/gardener/machine-controller-manager/pkg/controller/openstackmachineclass.go:144.16,147.3 2 0
github.com/gardener/machine-controller-manager/pkg/controller/openstackmachineclass.go:150.16,152.3 1 0
github.com/gardener/machine-controller-manager/pkg/controller/openstackmachineclass.go:152.8,156.3 1 0
github.com/gardener/machine-controller-manager/pkg/controller/openstackmachineclass.go:161.105,167.16 5 0
github.com/gardener/machine-controller-manager/pkg/controller/openstackmachineclass.go:171.2,172.89 2 0
github.com/gardener/machine-controller-manager/pkg/controller/openstackmachineclass.go:178.2,178.36 1 0
github.com/gardener/machine-controller-manager/pkg/controller/openstackmachineclass.go:185.2,186.16 2 0
github.com/gardener/machine-controller-manager/pkg/controller/openstackmachineclass.go:190.2,190.36 1 0
github.com/gardener/machine-controller-manager/pkg/controller/openstackmachineclass.go:207.2,207.23 1 0
github.com/gardener/machine-controller-manager/pkg/controller/openstackmachineclass.go:218.2,218.55 1 0
github.com/gardener/machine-controller-manager/pkg/controller/openstackmachineclass.go:167.16,169.3 1 0
github.com/gardener/machine-controller-manager/pkg/controller/openstackmachineclass.go:172.89,175.3 2 0
github.com/gardener/machine-controller-manager/pkg/controller/openstackmachineclass.go:178.36,180.17 2 0
github.com/gardener/machine-controller-manager/pkg/controller/openstackmachineclass.go:180.17,182.4 1 0
github.com/gardener/machine-controller-manager/pkg/controller/openstackmachineclass.go:186.16,188.3 1 0
github.com/gardener/machine-controller-manager/pkg/controller/openstackmachineclass.go:190.36,194.78 2 0
github.com/gardener/machine-controller-manager/pkg/controller/openstackmachineclass.go:204.3,204.13 1 0
github.com/gardener/machine-controller-manager/pkg/controller/openstackmachineclass.go:194.78,198.18 2 0
github.com/gardener/machine-controller-manager/pkg/controller/openstackmachineclass.go:201.4,201.72 1 0
github.com/gardener/machine-controller-manager/pkg/controller/openstackmachineclass.go:198.18,200.5 1 0
github.com/gardener/machine-controller-manager/pkg/controller/openstackmachineclass.go:207.23,211.36 2 0
github.com/gardener/machine-controller-manager/pkg/controller/openstackmachineclass.go:215.3,215.85 1 0
github.com/gardener/machine-controller-manager/pkg/controller/openstackmachineclass.go:211.36,213.4 1 0
github.com/gardener/machine-controller-manager/pkg/controller/openstackmachineclass.go:226.102,229.93 2 0
github.com/gardener/machine-controller-manager/pkg/controller/openstackmachineclass.go:233.2,233.12 1 0
github.com/gardener/machine-controller-manager/pkg/controller/openstackmachineclass.go:229.93,232.3 2 0
github.com/gardener/machine-controller-manager/pkg/controller/openstackmachineclass.go:236.105,239.92 2 0
github.com/gardener/machine-controller-manager/pkg/controller/openstackmachineclass.go:243.2,243.12 1 0
github.com/gardener/machine-controller-manager/pkg/controller/openstackmachineclass.go:239.92,242.3 2 0
github.com/gardener/machine-controller-manager/pkg/controller/openstackmachineclass.go:246.126,249.16 2 0
github.com/gardener/machine-controller-manager/pkg/controller/openstackmachineclass.go:253.2,256.16 4 0
github.com/gardener/machine-controller-manager/pkg/controller/openstackmachineclass.go:260.2,261.12 2 0
github.com/gardener/machine-controller-manager/pkg/controller/openstackmachineclass.go:249.16,251.3 1 0
github.com/gardener/machine-controller-manager/pkg/controller/openstackmachineclass.go:256.16,259.3 2 0
github.com/gardener/machine-controller-manager/pkg/controller/openstackmachineclass.go:264.94,266.16 2 0
github.com/gardener/machine-controller-manager/pkg/controller/openstackmachineclass.go:269.2,269.51 1 0
github.com/gardener/machine-controller-manager/pkg/controller/openstackmachineclass.go:266.16,268.3 1 0
github.com/gardener/machine-controller-manager/pkg/controller/awsmachineclass.go:40.80,42.37 2 0
github.com/gardener/machine-controller-manager/pkg/controller/awsmachineclass.go:45.2,45.76 1 0
github.com/gardener/machine-controller-manager/pkg/controller/awsmachineclass.go:42.37,44.3 1 0
github.com/gardener/machine-controller-manager/pkg/controller/awsmachineclass.go:45.76,47.3 1 0
github.com/gardener/machine-controller-manager/pkg/controller/awsmachineclass.go:50.73,52.30 2 0
github.com/gardener/machine-controller-manager/pkg/controller/awsmachineclass.go:55.2,55.69 1 0
github.com/gardener/machine-controller-manager/pkg/controller/awsmachineclass.go:52.30,54.3 1 0
github.com/gardener/machine-controller-manager/pkg/controller/awsmachineclass.go:55.69,57.3 1 0
github.com/gardener/machine-controller-manager/pkg/controller/awsmachineclass.go:60.67,62.27 2 0
github.com/gardener/machine-controller-manager/pkg/controller/awsmachineclass.go:66.2,66.52 1 0
github.com/gardener/machine-controller-manager/pkg/controller/awsmachineclass.go:62.27,65.3 2 0
github.com/gardener/machine-controller-manager/pkg/controller/awsmachineclass.go:66.52,68.3 1 0
github.com/gardener/machine-controller-manager/pkg/controller/awsmachineclass.go:71.81,73.30 2 0
github.com/gardener/machine-controller-manager/pkg/controller/awsmachineclass.go:77.2,78.30 2 0
github.com/gardener/machine-controller-manager/pkg/controller/awsmachineclass.go:83.2,83.62 1 0
github.com/gardener/machine-controller-manager/pkg/controller/awsmachineclass.go:73.30,76.3 2 0
github.com/gardener/machine-controller-manager/pkg/controller/awsmachineclass.go:78.30,81.3 2 0
github.com/gardener/machine-controller-manager/pkg/controller/awsmachineclass.go:83.62,84.56 1 0
github.com/gardener/machine-controller-manager/pkg/controller/awsmachineclass.go:84.56,88.4 1 0
github.com/gardener/machine-controller-manager/pkg/controller/awsmachineclass.go:89.8,92.56 1 0
github.com/gardener/machine-controller-manager/pkg/controller/awsmachineclass.go:95.3,95.56 1 0
github.com/gardener/machine-controller-manager/pkg/controller/awsmachineclass.go:92.56,94.4 1 0
github.com/gardener/machine-controller-manager/pkg/controller/awsmachineclass.go:95.56,97.4 1 0
github.com/gardener/machine-controller-manager/pkg/controller/awsmachineclass.go:101.70,103.2 1 0
github.com/gardener/machine-controller-manager/pkg/controller/awsmachineclass.go:105.58,107.16 2 0
github.com/gardener/machine-controller-manager/pkg/controller/awsmachineclass.go:111.2,111.33 1 0
github.com/gardener/machine-controller-manager/pkg/controller/awsmachineclass.go:107.16,110.3 2 0
github.com/gardener/machine-controller-manager/pkg/controller/awsmachineclass.go:114.72,116.23 2 0
github.com/gardener/machine-controller-manager/pkg/controller/awsmachineclass.go:119.2,120.23 2 0
github.com/gardener/machine-controller-manager/pkg/controller/awsmachineclass.go:124.2,124.30 1 0
github.com/gardener/machine-controller-manager/pkg/controller/awsmachineclass.go:116.23,118.3 1 0
github.com/gardener/machine-controller-manager/pkg/controller/awsmachineclass.go:120.23,122.3 1 0
github.com/gardener/machine-controller-manager/pkg/controller/awsmachineclass.go:127.61,129.2 1 0
github.com/gardener/machine-controller-manager/pkg/controller/awsmachineclass.go:133.75,135.16 2 0
github.com/gardener/machine-controller-manager/pkg/controller/awsmachineclass.go:139.2,140.28 2 0
github.com/gardener/machine-controller-manager/pkg/controller/awsmachineclass.go:144.2,144.16 1 0
github.com/gardener/machine-controller-manager/pkg/controller/awsmachineclass.go:149.2,150.16 2 0
github.com/gardener/machine-controller-manager/pkg/controller/awsmachineclass.go:158.2,158.12 1 0
github.com/gardener/machine-controller-manager/pkg/controller/awsmachineclass.go:135.16,137.3 1 0
github.com/gardener/machine-controller-manager/pkg/controller/awsmachineclass.go:140.28,143.3 2 0
github.com/gardener/machine-controller-manager/pkg/controller/awsmachineclass.go:144.16,147.3 2 0
github.com/gardener/machine-controller-manager/pkg/controller/awsmachineclass.go:150.16,152.3 1 0
github.com/gardener/machine-controller-manager/pkg/controller/awsmachineclass.go:152.8,156.3 1 0
github.com/gardener/machine-controller-manager/pkg/controller/awsmachineclass.go:161.93,167.16 5 0
github.com/gardener/machine-controller-manager/pkg/controller/awsmachineclass.go:171.2,172.89 2 0
github.com/gardener/machine-controller-manager/pkg/controller/awsmachineclass.go:178.2,178.36 1 0
github.com/gardener/machine-controller-manager/pkg/controller/awsmachineclass.go:185.2,186.16 2 0
github.com/gardener/machine-controller-manager/pkg/controller/awsmachineclass.go:190.2,190.36 1 0
github.com/gardener/machine-controller-manager/pkg/controller/awsmachineclass.go:207.2,207.23 1 0
github.com/gardener/machine-controller-manager/pkg/controller/awsmachineclass.go:218.2,218.49 1 0
github.com/gardener/machine-controller-manager/pkg/controller/awsmachineclass.go:167.16,169.3 1 0
github.com/gardener/machine-controller-manager/pkg/controller/awsmachineclass.go:172.89,175.3 2 0
github.com/gardener/machine-controller-manager/pkg/controller/awsmachineclass.go:178.36,180.17 2 0
github.com/gardener/machine-controller-manager/pkg/controller/awsmachineclass.go:180.17,182.4 1 0
github.com/gardener/machine-controller-manager/pkg/controller/awsmachineclass.go:186.16,188.3 1 0
github.com/gardener/machine-controller-manager/pkg/controller/awsmachineclass.go:190.36,194.78 2 0
github.com/gardener/machine-controller-manager/pkg/controller/awsmachineclass.go:204.3,204.13 1 0
github.com/gardener/machine-controller-manager/pkg/controller/awsmachineclass.go:194.78,198.18 2 0
github.com/gardener/machine-controller-manager/pkg/controller/awsmachineclass.go:201.4,201.72 1 0
github.com/gardener/machine-controller-manager/pkg/controller/awsmachineclass.go:198.18,200.5 1 0
github.com/gardener/machine-controller-manager/pkg/controller/awsmachineclass.go:207.23,211.36 2 0
github.com/gardener/machine-controller-manager/pkg/controller/awsmachineclass.go:215.3,215.85 1 0
github.com/gardener/machine-controller-manager/pkg/controller/awsmachineclass.go:211.36,213.4 1 0
github.com/gardener/machine-controller-manager/pkg/controller/awsmachineclass.go:226.90,229.93 2 0
github.com/gardener/machine-controller-manager/pkg/controller/awsmachineclass.go:233.2,233.12 1 0
github.com/gardener/machine-controller-manager/pkg/controller/awsmachineclass.go:229.93,232.3 2 0
github.com/gardener/machine-controller-manager/pkg/controller/awsmachineclass.go:236.93,239.92 2 0
github.com/gardener/machine-controller-manager/pkg/controller/awsmachineclass.go:243.2,243.12 1 0
github.com/gardener/machine-controller-manager/pkg/controller/awsmachineclass.go:239.92,242.3 2 0
github.com/gardener/machine-controller-manager/pkg/controller/awsmachineclass.go:246.114,249.16 2 0
github.com/gardener/machine-controller-manager/pkg/controller/awsmachineclass.go:253.2,256.16 4 0
github.com/gardener/machine-controller-manager/pkg/controller/awsmachineclass.go:260.2,261.12 2 0
github.com/gardener/machine-controller-manager/pkg/controller/awsmachineclass.go:249.16,251.3 1 0
github.com/gardener/machine-controller-manager/pkg/controller/awsmachineclass.go:256.16,259.3 2 0
github.com/gardener/machine-controller-manager/pkg/controller/awsmachineclass.go:264.88,266.16 2 0
github.com/gardener/machine-controller-manager/pkg/controller/awsmachineclass.go:269.2,269.45 1 0
github.com/gardener/machine-controller-manager/pkg/controller/awsmachineclass.go:266.16,268.3 1 0
github.com/gardener/machine-controller-manager/pkg/controller/hashtest.go:55.48,58.28 2 0
github.com/gardener/machine-controller-manager/pkg/controller/hashtest.go:58.28,63.36 5 0
github.com/gardener/machine-controller-manager/pkg/controller/hashtest.go:67.3,67.23 1 0
github.com/gardener/machine-controller-manager/pkg/controller/hashtest.go:63.36,65.9 2 0
github.com/gardener/machine-controller-manager/pkg/controller/hashtest.go:72.35,76.27 3 0
github.com/gardener/machine-controller-manager/pkg/controller/hashtest.go:76.27,78.3 1 0
github.com/gardener/machine-controller-manager/pkg/controller/hashtest.go:81.82,85.2 3 0
github.com/gardener/machine-controller-manager/pkg/controller/hashtest.go:88.33,92.27 3 0
github.com/gardener/machine-controller-manager/pkg/controller/hashtest.go:92.27,94.3 1 0
github.com/gardener/machine-controller-manager/pkg/controller/machine_bootstrap_token.go:40.98,44.16 4 0
github.com/gardener/machine-controller-manager/pkg/controller/machine_bootstrap_token.go:48.2,56.12 5 0
github.com/gardener/machine-controller-manager/pkg/controller/machine_bootstrap_token.go:44.16,46.3 1 0
github.com/gardener/machine-controller-manager/pkg/controller/machine_bootstrap_token.go:59.109,63.16 3 0
github.com/gardener/machine-controller-manager/pkg/controller/machine_bootstrap_token.go:93.2,93.20 1 0
github.com/gardener/machine-controller-manager/pkg/controller/machine_bootstrap_token.go:63.16,64.32 1 0
github.com/gardener/machine-controller-manager/pkg/controller/machine_bootstrap_token.go:90.3,90.18 1 0
github.com/gardener/machine-controller-manager/pkg/controller/machine_bootstrap_token.go:64.32,66.18 2 0
github.com/gardener/machine-controller-manager/pkg/controller/machine_bootstrap_token.go:69.4,88.85 3 0
github.com/gardener/machine-controller-manager/pkg/controller/machine_bootstrap_token.go:66.18,68.5 1 0
github.com/gardener/machine-controller-manager/pkg/controller/machine_bootstrap_token.go:96.69,99.45 3 0
github.com/gardener/machine-controller-manager/pkg/controller/machine_bootstrap_token.go:103.2,103.12 1 0
github.com/gardener/machine-controller-manager/pkg/controller/machine_bootstrap_token.go:99.45,102.3 1 0
github.com/gardener/machine-controller-manager/pkg/controller/machine_bootstrap_token.go:108.87,111.24 3 0
github.com/gardener/machine-controller-manager/pkg/controller/machine_bootstrap_token.go:118.2,118.28 1 0
github.com/gardener/machine-controller-manager/pkg/controller/machine_bootstrap_token.go:111.24,113.17 2 0
github.com/gardener/machine-controller-manager/pkg/controller/machine_bootstrap_token.go:116.3,116.57 1 0
github.com/gardener/machine-controller-manager/pkg/controller/machine_bootstrap_token.go:113.17,115.4 1 0
github.com/gardener/machine-controller-manager/pkg/controller/machine_bootstrap_token.go:121.67,125.2 3 0
github.com/gardener/machine-controller-manager/pkg/controller/controller_ref_manager.go:50.53,51.27 1 0
github.com/gardener/machine-controller-manager/pkg/controller/controller_ref_manager.go:56.2,56.22 1 0
github.com/gardener/machine-controller-manager/pkg/controller/controller_ref_manager.go:51.27,52.28 1 0
github.com/gardener/machine-controller-manager/pkg/controller/controller_ref_manager.go:52.28,54.4 1 0
github.com/gardener/machine-controller-manager/pkg/controller/controller_ref_manager.go:74.155,76.26 2 0
github.com/gardener/machine-controller-manager/pkg/controller/controller_ref_manager.go:107.2,107.63 1 0
github.com/gardener/machine-controller-manager/pkg/controller/controller_ref_manager.go:112.2,112.39 1 0
github.com/gardener/machine-controller-manager/pkg/controller/controller_ref_manager.go:118.2,118.35 1 0
github.com/gardener/machine-controller-manager/pkg/controller/controller_ref_manager.go:129.2,129.18 1 0
github.com/gardener/machine-controller-manager/pkg/controller/controller_ref_manager.go:76.26,77.49 1 0
github.com/gardener/machine-controller-manager/pkg/controller/controller_ref_manager.go:81.3,81.17 1 0
github.com/gardener/machine-controller-manager/pkg/controller/controller_ref_manager.go:90.3,90.49 1 0
github.com/gardener/machine-controller-manager/pkg/controller/controller_ref_manager.go:93.3,93.38 1 0
github.com/gardener/machine-controller-manager/pkg/controller/controller_ref_manager.go:103.3,103.20 1 0
github.com/gardener/machine-controller-manager/pkg/controller/controller_ref_manager.go:77.49,80.4 1 0
github.com/gardener/machine-controller-manager/pkg/controller/controller_ref_manager.go:81.17,87.4 1 0
github.com/gardener/machine-controller-manager/pkg/controller/controller_ref_manager.go:90.49,92.4 1 0
github.com/gardener/machine-controller-manager/pkg/controller/controller_ref_manager.go:93.38,95.30 1 0
github.com/gardener/machine-controller-manager/pkg/controller/controller_ref_manager.go:100.4,100.21 1 0
github.com/gardener/machine-controller-manager/pkg/controller/controller_ref_manager.go:95.30,97.5 1 0
github.com/gardener/machine-controller-manager/pkg/controller/controller_ref_manager.go:107.63,110.3 1 0
github.com/gardener/machine-controller-manager/pkg/controller/controller_ref_manager.go:112.39,115.3 1 0
github.com/gardener/machine-controller-manager/pkg/controller/controller_ref_manager.go:118.35,120.29 1 0
github.com/gardener/machine-controller-manager/pkg/controller/controller_ref_manager.go:126.3,126.20 1 0
github.com/gardener/machine-controller-manager/pkg/controller/controller_ref_manager.go:120.29,122.4 1 0
github.com/gardener/machine-controller-manager/pkg/controller/controller_ref_manager.go:156.32,166.2 1 0
github.com/gardener/machine-controller-manager/pkg/controller/controller_ref_manager.go:183.153,187.40 3 0
github.com/gardener/machine-controller-manager/pkg/controller/controller_ref_manager.go:201.2,201.41 1 0
github.com/gardener/machine-controller-manager/pkg/controller/controller_ref_manager.go:204.2,204.43 1 0
github.com/gardener/machine-controller-manager/pkg/controller/controller_ref_manager.go:208.2,208.35 1 0
github.com/gardener/machine-controller-manager/pkg/controller/controller_ref_manager.go:219.2,219.50 1 0
github.com/gardener/machine-controller-manager/pkg/controller/controller_ref_manager.go:187.40,190.54 2 0
github.com/gardener/machine-controller-manager/pkg/controller/controller_ref_manager.go:193.3,193.34 1 0
github.com/gardener/machine-controller-manager/pkg/controller/controller_ref_manager.go:198.3,198.14 1 0
github.com/gardener/machine-controller-manager/pkg/controller/controller_ref_manager.go:190.54,192.4 1 0
github.com/gardener/machine-controller-manager/pkg/controller/controller_ref_manager.go:193.34,194.24 1 0
github.com/gardener/machine-controller-manager/pkg/controller/controller_ref_manager.go:194.24,196.5 1 0
github.com/gardener/machine-controller-manager/pkg/controller/controller_ref_manager.go:201.41,203.3 1 0
github.com/gardener/machine-controller-manager/pkg/controller/controller_ref_manager.go:204.43,206.3 1 0
github.com/gardener/machine-controller-manager/pkg/controller/controller_ref_manager.go:208.35,211.17 2 0
github.com/gardener/machine-controller-manager/pkg/controller/controller_ref_manager.go:215.3,215.9 1 0
github.com/gardener/machine-controller-manager/pkg/controller/controller_ref_manager.go:211.17,213.12 2 0
github.com/gardener/machine-controller-manager/pkg/controller/controller_ref_manager.go:215.9,217.4 1 0
github.com/gardener/machine-controller-manager/pkg/controller/controller_ref_manager.go:224.85,225.37 1 0
github.com/gardener/machine-controller-manager/pkg/controller/controller_ref_manager.go:230.2,235.12 3 0
github.com/gardener/machine-controller-manager/pkg/controller/controller_ref_manager.go:225.37,227.3 1 0
github.com/gardener/machine-controller-manager/pkg/controller/controller_ref_manager.go:240.87,249.16 4 0
github.com/gardener/machine-controller-manager/pkg/controller/controller_ref_manager.go:266.2,266.12 1 0
github.com/gardener/machine-controller-manager/pkg/controller/controller_ref_manager.go:249.16,250.29 1 0
github.com/gardener/machine-controller-manager/pkg/controller/controller_ref_manager.go:254.3,254.28 1 0
github.com/gardener/machine-controller-manager/pkg/controller/controller_ref_manager.go:250.29,253.4 1 0
github.com/gardener/machine-controller-manager/pkg/controller/controller_ref_manager.go:254.28,264.4 1 0
github.com/gardener/machine-controller-manager/pkg/controller/controller_ref_manager.go:297.35,307.2 1 0
github.com/gardener/machine-controller-manager/pkg/controller/controller_ref_manager.go:322.120,326.40 3 0
github.com/gardener/machine-controller-manager/pkg/controller/controller_ref_manager.go:331.2,331.41 1 0
github.com/gardener/machine-controller-manager/pkg/controller/controller_ref_manager.go:334.2,334.43 1 0
github.com/gardener/machine-controller-manager/pkg/controller/controller_ref_manager.go:338.2,338.26 1 0
github.com/gardener/machine-controller-manager/pkg/controller/controller_ref_manager.go:348.2,348.50 1 0
github.com/gardener/machine-controller-manager/pkg/controller/controller_ref_manager.go:326.40,329.3 2 0
github.com/gardener/machine-controller-manager/pkg/controller/controller_ref_manager.go:331.41,333.3 1 0
github.com/gardener/machine-controller-manager/pkg/controller/controller_ref_manager.go:334.43,336.3 1 0
github.com/gardener/machine-controller-manager/pkg/controller/controller_ref_manager.go:338.26,340.17 2 0
github.com/gardener/machine-controller-manager/pkg/controller/controller_ref_manager.go:344.3,344.9 1 0
github.com/gardener/machine-controller-manager/pkg/controller/controller_ref_manager.go:340.17,342.12 2 0
github.com/gardener/machine-controller-manager/pkg/controller/controller_ref_manager.go:344.9,346.4 1 0
github.com/gardener/machine-controller-manager/pkg/controller/controller_ref_manager.go:353.89,354.37 1 0
github.com/gardener/machine-controller-manager/pkg/controller/controller_ref_manager.go:359.2,363.95 2 0
github.com/gardener/machine-controller-manager/pkg/controller/controller_ref_manager.go:354.37,356.3 1 0
github.com/gardener/machine-controller-manager/pkg/controller/controller_ref_manager.go:368.99,377.16 4 0
github.com/gardener/machine-controller-manager/pkg/controller/controller_ref_manager.go:390.2,390.12 1 0
github.com/gardener/machine-controller-manager/pkg/controller/controller_ref_manager.go:377.16,378.29 1 0
github.com/gardener/machine-controller-manager/pkg/controller/controller_ref_manager.go:382.3,382.28 1 0
github.com/gardener/machine-controller-manager/pkg/controller/controller_ref_manager.go:378.29,381.4 1 0
github.com/gardener/machine-controller-manager/pkg/controller/controller_ref_manager.go:382.28,388.4 1 0
github.com/gardener/machine-controller-manager/pkg/controller/controller_ref_manager.go:397.85,398.22 1 0
github.com/gardener/machine-controller-manager/pkg/controller/controller_ref_manager.go:398.22,400.17 2 0
github.com/gardener/machine-controller-manager/pkg/controller/controller_ref_manager.go:403.3,403.40 1 0
github.com/gardener/machine-controller-manager/pkg/controller/controller_ref_manager.go:406.3,406.13 1 0
github.com/gardener/machine-controller-manager/pkg/controller/controller_ref_manager.go:400.17,402.4 1 0
github.com/gardener/machine-controller-manager/pkg/controller/controller_ref_manager.go:403.40,405.4 1 0
github.com/gardener/machine-controller-manager/pkg/controller/drain.go:138.17,139.31 1 0
github.com/gardener/machine-controller-manager/pkg/controller/drain.go:143.2,160.3 1 0
github.com/gardener/machine-controller-manager/pkg/controller/drain.go:139.31,141.3 1 0
github.com/gardener/machine-controller-manager/pkg/controller/drain.go:165.41,173.15 3 0
github.com/gardener/machine-controller-manager/pkg/controller/drain.go:183.2,183.52 1 0
github.com/gardener/machine-controller-manager/pkg/controller/drain.go:188.2,189.31 2 0
github.com/gardener/machine-controller-manager/pkg/controller/drain.go:197.2,197.51 1 0
github.com/gardener/machine-controller-manager/pkg/controller/drain.go:204.2,205.12 2 0
github.com/gardener/machine-controller-manager/pkg/controller/drain.go:173.15,181.3 2 0
github.com/gardener/machine-controller-manager/pkg/controller/drain.go:183.52,186.3 2 0
github.com/gardener/machine-controller-manager/pkg/controller/drain.go:189.31,192.3 2 0
github.com/gardener/machine-controller-manager/pkg/controller/drain.go:192.8,192.23 1 0
github.com/gardener/machine-controller-manager/pkg/controller/drain.go:192.23,195.3 2 0
github.com/gardener/machine-controller-manager/pkg/controller/drain.go:197.51,198.161 1 0
github.com/gardener/machine-controller-manager/pkg/controller/drain.go:198.161,201.4 2 0
github.com/gardener/machine-controller-manager/pkg/controller/drain.go:208.56,210.16 2 0
github.com/gardener/machine-controller-manager/pkg/controller/drain.go:214.2,215.16 2 0
github.com/gardener/machine-controller-manager/pkg/controller/drain.go:225.2,225.12 1 0
github.com/gardener/machine-controller-manager/pkg/controller/drain.go:210.16,212.3 1 0
github.com/gardener/machine-controller-manager/pkg/controller/drain.go:215.16,217.20 2 0
github.com/gardener/machine-controller-manager/pkg/controller/drain.go:220.3,221.42 2 0
github.com/gardener/machine-controller-manager/pkg/controller/drain.go:217.20,219.4 1 0
github.com/gardener/machine-controller-manager/pkg/controller/drain.go:221.42,223.4 1 0
github.com/gardener/machine-controller-manager/pkg/controller/drain.go:228.77,230.2 1 0
github.com/gardener/machine-controller-manager/pkg/controller/drain.go:232.81,234.79 1 0
github.com/gardener/machine-controller-manager/pkg/controller/drain.go:238.2,239.26 2 0
github.com/gardener/machine-controller-manager/pkg/controller/drain.go:242.2,242.37 1 0
github.com/gardener/machine-controller-manager/pkg/controller/drain.go:245.2,245.46 1 0
github.com/gardener/machine-controller-manager/pkg/controller/drain.go:234.79,236.3 1 0
github.com/gardener/machine-controller-manager/pkg/controller/drain.go:239.26,241.3 1 0
github.com/gardener/machine-controller-manager/pkg/controller/drain.go:242.37,244.3 1 0
github.com/gardener/machine-controller-manager/pkg/controller/drain.go:248.78,258.63 2 0
github.com/gardener/machine-controller-manager/pkg/controller/drain.go:261.2,261.25 1 0
github.com/gardener/machine-controller-manager/pkg/controller/drain.go:264.2,264.47 1 0
github.com/gardener/machine-controller-manager/pkg/controller/drain.go:258.63,260.3 1 0
github.com/gardener/machine-controller-manager/pkg/controller/drain.go:261.25,263.3 1 0
github.com/gardener/machine-controller-manager/pkg/controller/drain.go:267.60,268.82 1 0
github.com/gardener/machine-controller-manager/pkg/controller/drain.go:271.2,271.23 1 0
github.com/gardener/machine-controller-manager/pkg/controller/drain.go:268.82,270.3 1 0
github.com/gardener/machine-controller-manager/pkg/controller/drain.go:274.40,275.42 1 0
github.com/gardener/machine-controller-manager/pkg/controller/drain.go:281.2,281.14 1 0
github.com/gardener/machine-controller-manager/pkg/controller/drain.go:275.42,276.29 1 0
github.com/gardener/machine-controller-manager/pkg/controller/drain.go:276.29,278.4 1 0
github.com/gardener/machine-controller-manager/pkg/controller/drain.go:284.81,285.27 1 0
github.com/gardener/machine-controller-manager/pkg/controller/drain.go:288.2,288.24 1 0
github.com/gardener/machine-controller-manager/pkg/controller/drain.go:291.2,291.49 1 0
github.com/gardener/machine-controller-manager/pkg/controller/drain.go:285.27,287.3 1 0
github.com/gardener/machine-controller-manager/pkg/controller/drain.go:288.24,290.3 1 0
github.com/gardener/machine-controller-manager/pkg/controller/drain.go:297.40,300.28 2 0
github.com/gardener/machine-controller-manager/pkg/controller/drain.go:303.2,303.33 1 0
github.com/gardener/machine-controller-manager/pkg/controller/drain.go:300.28,302.3 1 0
github.com/gardener/machine-controller-manager/pkg/controller/drain.go:308.73,311.16 2 0
github.com/gardener/machine-controller-manager/pkg/controller/drain.go:315.2,318.36 3 0
github.com/gardener/machine-controller-manager/pkg/controller/drain.go:336.2,336.17 1 0
github.com/gardener/machine-controller-manager/pkg/controller/drain.go:339.2,339.17 1 0
github.com/gardener/machine-controller-manager/pkg/controller/drain.go:342.2,342.18 1 0
github.com/gardener/machine-controller-manager/pkg/controller/drain.go:311.16,313.3 1 0
github.com/gardener/machine-controller-manager/pkg/controller/drain.go:318.36,320.116 2 0
github.com/gardener/machine-controller-manager/pkg/controller/drain.go:331.3,331.12 1 0
github.com/gardener/machine-controller-manager/pkg/controller/drain.go:320.116,324.16 3 0
github.com/gardener/machine-controller-manager/pkg/controller/drain.go:327.4,327.16 1 0
github.com/gardener/machine-controller-manager/pkg/controller/drain.go:324.16,326.5 1 0
github.com/gardener/machine-controller-manager/pkg/controller/drain.go:327.16,329.5 1 0
github.com/gardener/machine-controller-manager/pkg/controller/drain.go:331.12,333.4 1 0
github.com/gardener/machine-controller-manager/pkg/controller/drain.go:336.17,338.3 1 0
github.com/gardener/machine-controller-manager/pkg/controller/drain.go:339.17,341.3 1 0
github.com/gardener/machine-controller-manager/pkg/controller/drain.go:345.54,352.2 5 0
github.com/gardener/machine-controller-manager/pkg/controller/drain.go:354.80,356.31 2 0
github.com/gardener/machine-controller-manager/pkg/controller/drain.go:360.2,373.79 3 0
github.com/gardener/machine-controller-manager/pkg/controller/drain.go:356.31,359.3 2 0
github.com/gardener/machine-controller-manager/pkg/controller/drain.go:377.64,378.20 1 0
github.com/gardener/machine-controller-manager/pkg/controller/drain.go:382.2,383.16 2 0
github.com/gardener/machine-controller-manager/pkg/controller/drain.go:387.2,387.61 1 0
github.com/gardener/machine-controller-manager/pkg/controller/drain.go:391.2,393.70 2 0
github.com/gardener/machine-controller-manager/pkg/controller/drain.go:378.20,380.3 1 0
github.com/gardener/machine-controller-manager/pkg/controller/drain.go:383.16,385.3 1 0
github.com/gardener/machine-controller-manager/pkg/controller/drain.go:387.61,389.3 1 0
github.com/gardener/machine-controller-manager/pkg/controller/drain.go:396.40,398.2 1 0
github.com/gardener/machine-controller-manager/pkg/controller/drain.go:400.64,403.22 2 0
github.com/gardener/machine-controller-manager/pkg/controller/drain.go:420.2,420.34 1 0
github.com/gardener/machine-controller-manager/pkg/controller/drain.go:403.22,407.23 4 0
github.com/gardener/machine-controller-manager/pkg/controller/drain.go:416.3,416.13 1 0
github.com/gardener/machine-controller-manager/pkg/controller/drain.go:407.23,410.13 3 0
github.com/gardener/machine-controller-manager/pkg/controller/drain.go:410.13,413.10 2 0
github.com/gardener/machine-controller-manager/pkg/controller/drain.go:416.13,418.4 1 0
github.com/gardener/machine-controller-manager/pkg/controller/drain.go:423.78,424.65 1 0
github.com/gardener/machine-controller-manager/pkg/controller/drain.go:428.2,428.77 1 0
github.com/gardener/machine-controller-manager/pkg/controller/drain.go:424.65,426.3 1 0
github.com/gardener/machine-controller-manager/pkg/controller/drain.go:431.88,433.27 2 0
github.com/gardener/machine-controller-manager/pkg/controller/drain.go:440.2,440.48 1 0
github.com/gardener/machine-controller-manager/pkg/controller/drain.go:433.27,435.21 2 0
github.com/gardener/machine-controller-manager/pkg/controller/drain.go:435.21,437.4 1 0
github.com/gardener/machine-controller-manager/pkg/controller/drain.go:443.159,447.23 3 0
github.com/gardener/machine-controller-manager/pkg/controller/drain.go:467.2,471.26 4 0
github.com/gardener/machine-controller-manager/pkg/controller/drain.go:478.2,478.40 1 0
github.com/gardener/machine-controller-manager/pkg/controller/drain.go:447.23,449.23 2 0
github.com/gardener/machine-controller-manager/pkg/controller/drain.go:453.3,456.93 2 0
github.com/gardener/machine-controller-manager/pkg/controller/drain.go:449.23,451.4 1 0
github.com/gardener/machine-controller-manager/pkg/controller/drain.go:457.8,465.3 4 0
github.com/gardener/machine-controller-manager/pkg/controller/drain.go:471.26,474.17 3 0
github.com/gardener/machine-controller-manager/pkg/controller/drain.go:474.17,476.4 1 0
github.com/gardener/machine-controller-manager/pkg/controller/drain.go:485.3,486.27 1 0
github.com/gardener/machine-controller-manager/pkg/controller/drain.go:489.2,489.8 1 0
github.com/gardener/machine-controller-manager/pkg/controller/drain.go:486.27,488.3 1 0
github.com/gardener/machine-controller-manager/pkg/controller/drain.go:492.45,493.39 1 0
github.com/gardener/machine-controller-manager/pkg/controller/drain.go:493.39,495.3 1 0
github.com/gardener/machine-controller-manager/pkg/controller/drain.go:499.82,503.27 3 0
github.com/gardener/machine-controller-manager/pkg/controller/drain.go:507.2,511.23 3 0
github.com/gardener/machine-controller-manager/pkg/controller/drain.go:521.2,522.15 2 0
github.com/gardener/machine-controller-manager/pkg/controller/drain.go:503.27,506.3 2 0
github.com/gardener/machine-controller-manager/pkg/controller/drain.go:511.23,514.17 3 0
github.com/gardener/machine-controller-manager/pkg/controller/drain.go:519.3,519.19 1 0
github.com/gardener/machine-controller-manager/pkg/controller/drain.go:514.17,517.12 2 0
github.com/gardener/machine-controller-manager/pkg/controller/drain.go:526.49,533.29 3 0
github.com/gardener/machine-controller-manager/pkg/controller/drain.go:544.2,544.25 1 0
github.com/gardener/machine-controller-manager/pkg/controller/drain.go:550.2,550.31 1 0
github.com/gardener/machine-controller-manager/pkg/controller/drain.go:559.2,559.87 1 0
github.com/gardener/machine-controller-manager/pkg/controller/drain.go:533.29,534.28 1 0
github.com/gardener/machine-controller-manager/pkg/controller/drain.go:534.28,535.36 1 0
github.com/gardener/machine-controller-manager/pkg/controller/drain.go:535.36,537.5 1 0
github.com/gardener/machine-controller-manager/pkg/controller/drain.go:537.10,540.5 2 0
github.com/gardener/machine-controller-manager/pkg/controller/drain.go:544.25,547.3 2 0
github.com/gardener/machine-controller-manager/pkg/controller/drain.go:550.31,552.28 2 0
github.com/gardener/machine-controller-manager/pkg/controller/drain.go:557.3,557.23 1 0
github.com/gardener/machine-controller-manager/pkg/controller/drain.go:552.28,553.31 1 0
github.com/gardener/machine-controller-manager/pkg/controller/drain.go:553.31,555.5 1 0
github.com/gardener/machine-controller-manager/pkg/controller/drain.go:566.3,577.18 4 0
github.com/gardener/machine-controller-manager/pkg/controller/drain.go:604.2,604.36 1 0
github.com/gardener/machine-controller-manager/pkg/controller/drain.go:617.2,617.8 1 0
github.com/gardener/machine-controller-manager/pkg/controller/drain.go:577.18,578.33 1 0
github.com/gardener/machine-controller-manager/pkg/controller/drain.go:594.3,594.43 1 0
github.com/gardener/machine-controller-manager/pkg/controller/drain.go:578.33,580.44 2 0
github.com/gardener/machine-controller-manager/pkg/controller/drain.go:585.4,591.40 3 0
github.com/gardener/machine-controller-manager/pkg/controller/drain.go:580.44,582.10 1 0
github.com/gardener/machine-controller-manager/pkg/controller/drain.go:594.43,598.4 2 0
github.com/gardener/machine-controller-manager/pkg/controller/drain.go:599.8,601.3 1 0
github.com/gardener/machine-controller-manager/pkg/controller/drain.go:604.36,606.16 2 0
github.com/gardener/machine-controller-manager/pkg/controller/drain.go:606.16,610.4 1 0
github.com/gardener/machine-controller-manager/pkg/controller/drain.go:610.9,610.26 1 0
github.com/gardener/machine-controller-manager/pkg/controller/drain.go:610.26,612.4 1 0
github.com/gardener/machine-controller-manager/pkg/controller/drain.go:612.9,614.4 1 0
github.com/gardener/machine-controller-manager/pkg/controller/drain.go:623.66,632.27 4 0
github.com/gardener/machine-controller-manager/pkg/controller/drain.go:702.2,702.25 1 0
github.com/gardener/machine-controller-manager/pkg/controller/drain.go:632.27,633.10 1 0
github.com/gardener/machine-controller-manager/pkg/controller/drain.go:641.3,648.19 3 0
github.com/gardener/machine-controller-manager/pkg/controller/drain.go:654.3,654.55 1 0
github.com/gardener/machine-controller-manager/pkg/controller/drain.go:670.3,683.32 6 0
github.com/gardener/machine-controller-manager/pkg/controller/drain.go:692.3,699.18 2 0
github.com/gardener/machine-controller-manager/pkg/controller/drain.go:634.29,637.49 2 0
github.com/gardener/machine-controller-manager/pkg/controller/drain.go:638.11,638.11 0 0
github.com/gardener/machine-controller-manager/pkg/controller/drain.go:648.19,650.4 1 0
github.com/gardener/machine-controller-manager/pkg/controller/drain.go:650.9,652.4 1 0
github.com/gardener/machine-controller-manager/pkg/controller/drain.go:654.55,658.12 3 0
github.com/gardener/machine-controller-manager/pkg/controller/drain.go:659.9,659.39 1 0
github.com/gardener/machine-controller-manager/pkg/controller/drain.go:659.39,662.12 3 0
github.com/gardener/machine-controller-manager/pkg/controller/drain.go:663.9,663.24 1 0
github.com/gardener/machine-controller-manager/pkg/controller/drain.go:663.24,666.12 3 0
github.com/gardener/machine-controller-manager/pkg/controller/drain.go:683.32,687.4 3 0
github.com/gardener/machine-controller-manager/pkg/controller/drain.go:687.9,687.24 1 0
github.com/gardener/machine-controller-manager/pkg/controller/drain.go:687.24,690.12 3 0
github.com/gardener/machine-controller-manager/pkg/controller/drain.go:705.66,707.34 2 0
github.com/gardener/machine-controller-manager/pkg/controller/drain.go:738.2,738.17 1 0
github.com/gardener/machine-controller-manager/pkg/controller/drain.go:707.34,710.39 2 0
github.com/gardener/machine-controller-manager/pkg/controller/drain.go:710.39,713.8 2 0
github.com/gardener/machine-controller-manager/pkg/controller/drain.go:713.8,716.34 2 0
github.com/gardener/machine-controller-manager/pkg/controller/drain.go:733.5,734.10 2 0
github.com/gardener/machine-controller-manager/pkg/controller/drain.go:716.34,718.11 1 0
github.com/gardener/machine-controller-manager/pkg/controller/drain.go:719.11,719.26 1 0
github.com/gardener/machine-controller-manager/pkg/controller/drain.go:719.26,722.39 2 0
github.com/gardener/machine-controller-manager/pkg/controller/drain.go:728.6,729.14 2 0
github.com/gardener/machine-controller-manager/pkg/controller/drain.go:722.39,725.12 2 0
github.com/gardener/machine-controller-manager/pkg/controller/drain.go:741.102,742.63 1 0
github.com/gardener/machine-controller-manager/pkg/controller/drain.go:748.2,752.12 3 0
github.com/gardener/machine-controller-manager/pkg/controller/drain.go:801.2,802.12 2 0
github.com/gardener/machine-controller-manager/pkg/controller/drain.go:742.63,746.3 2 0
github.com/gardener/machine-controller-manager/pkg/controller/drain.go:752.12,753.10 1 0
github.com/gardener/machine-controller-manager/pkg/controller/drain.go:760.3,763.32 3 0
github.com/gardener/machine-controller-manager/pkg/controller/drain.go:771.3,773.29 3 0
github.com/gardener/machine-controller-manager/pkg/controller/drain.go:778.2,779.28 1 0
github.com/gardener/machine-controller-manager/pkg/controller/drain.go:754.21,756.74 2 0
github.com/gardener/machine-controller-manager/pkg/controller/drain.go:757.11,757.11 0 0
github.com/gardener/machine-controller-manager/pkg/controller/drain.go:763.32,766.4 2 0
github.com/gardener/machine-controller-manager/pkg/controller/drain.go:766.9,766.24 1 0
github.com/gardener/machine-controller-manager/pkg/controller/drain.go:766.24,769.4 2 0
github.com/gardener/machine-controller-manager/pkg/controller/drain.go:773.29,776.4 2 0
github.com/gardener/machine-controller-manager/pkg/controller/drain.go:779.28,782.32 2 0
github.com/gardener/machine-controller-manager/pkg/controller/drain.go:782.32,787.14 3 0
github.com/gardener/machine-controller-manager/pkg/controller/drain.go:787.14,795.24 3 0
github.com/gardener/machine-controller-manager/pkg/controller/drain.go:805.80,808.33 2 0
github.com/gardener/machine-controller-manager/pkg/controller/drain.go:832.2,832.38 1 0
github.com/gardener/machine-controller-manager/pkg/controller/drain.go:808.33,811.7 2 0
github.com/gardener/machine-controller-manager/pkg/controller/drain.go:811.7,814.33 2 0
github.com/gardener/machine-controller-manager/pkg/controller/drain.go:827.4,828.9 2 0
github.com/gardener/machine-controller-manager/pkg/controller/drain.go:814.33,815.10 1 0
github.com/gardener/machine-controller-manager/pkg/controller/drain.go:816.10,816.25 1 0
github.com/gardener/machine-controller-manager/pkg/controller/drain.go:816.25,818.38 2 0
github.com/gardener/machine-controller-manager/pkg/controller/drain.go:822.5,823.13 2 0
github.com/gardener/machine-controller-manager/pkg/controller/drain.go:818.38,819.11 1 0
github.com/gardener/machine-controller-manager/pkg/controller/drain.go:835.191,845.20 4 0
github.com/gardener/machine-controller-manager/pkg/controller/drain.go:871.2,871.23 1 0
github.com/gardener/machine-controller-manager/pkg/controller/drain.go:881.2,884.25 3 0
github.com/gardener/machine-controller-manager/pkg/controller/drain.go:889.2,891.16 3 0
github.com/gardener/machine-controller-manager/pkg/controller/drain.go:845.20,846.20 1 0
github.com/gardener/machine-controller-manager/pkg/controller/drain.go:850.3,850.19 1 0
github.com/gardener/machine-controller-manager/pkg/controller/drain.go:856.3,856.17 1 0
github.com/gardener/machine-controller-manager/pkg/controller/drain.go:846.20,848.4 1 0
github.com/gardener/machine-controller-manager/pkg/controller/drain.go:850.19,852.4 1 0
github.com/gardener/machine-controller-manager/pkg/controller/drain.go:852.9,854.4 1 0
github.com/gardener/machine-controller-manager/pkg/controller/drain.go:856.17,857.9 1 0
github.com/gardener/machine-controller-manager/pkg/controller/drain.go:858.9,858.39 1 0
github.com/gardener/machine-controller-manager/pkg/controller/drain.go:858.39,862.4 3 0
github.com/gardener/machine-controller-manager/pkg/controller/drain.go:862.9,862.62 1 0
github.com/gardener/machine-controller-manager/pkg/controller/drain.go:862.62,865.4 1 0
github.com/gardener/machine-controller-manager/pkg/controller/drain.go:865.9,868.4 2 0
github.com/gardener/machine-controller-manager/pkg/controller/drain.go:871.23,873.17 1 0
github.com/gardener/machine-controller-manager/pkg/controller/drain.go:878.3,878.9 1 0
github.com/gardener/machine-controller-manager/pkg/controller/drain.go:873.17,875.4 1 0
github.com/gardener/machine-controller-manager/pkg/controller/drain.go:875.9,877.4 1 0
github.com/gardener/machine-controller-manager/pkg/controller/drain.go:884.25,887.3 2 0
github.com/gardener/machine-controller-manager/pkg/controller/drain.go:891.16,892.24 1 0
github.com/gardener/machine-controller-manager/pkg/controller/drain.go:892.24,894.4 1 0
github.com/gardener/machine-controller-manager/pkg/controller/drain.go:894.9,896.4 1 0
github.com/gardener/machine-controller-manager/pkg/controller/drain.go:897.8,899.3 1 0
github.com/gardener/machine-controller-manager/pkg/controller/drain.go:902.177,903.68 1 0
github.com/gardener/machine-controller-manager/pkg/controller/drain.go:923.2,923.18 1 0
github.com/gardener/machine-controller-manager/pkg/controller/drain.go:903.68,905.28 2 0
github.com/gardener/machine-controller-manager/pkg/controller/drain.go:917.3,918.27 2 0
github.com/gardener/machine-controller-manager/pkg/controller/drain.go:921.3,921.19 1 0
github.com/gardener/machine-controller-manager/pkg/controller/drain.go:905.28,907.89 2 0
github.com/gardener/machine-controller-manager/pkg/controller/drain.go:907.89,910.13 1 0
github.com/gardener/machine-controller-manager/pkg/controller/drain.go:911.10,911.25 1 0
github.com/gardener/machine-controller-manager/pkg/controller/drain.go:911.25,913.5 1 0
github.com/gardener/machine-controller-manager/pkg/controller/drain.go:913.10,915.5 1 0
github.com/gardener/machine-controller-manager/pkg/controller/drain.go:918.27,920.4 1 0
github.com/gardener/machine-controller-manager/pkg/controller/drain.go:928.70,931.16 3 0
github.com/gardener/machine-controller-manager/pkg/controller/drain.go:934.2,936.41 3 0
github.com/gardener/machine-controller-manager/pkg/controller/drain.go:943.2,943.23 1 0
github.com/gardener/machine-controller-manager/pkg/controller/drain.go:946.2,947.16 2 0
github.com/gardener/machine-controller-manager/pkg/controller/drain.go:950.2,950.53 1 0
github.com/gardener/machine-controller-manager/pkg/controller/drain.go:955.2,955.16 1 0
github.com/gardener/machine-controller-manager/pkg/controller/drain.go:931.16,933.3 1 0
github.com/gardener/machine-controller-manager/pkg/controller/drain.go:936.41,937.29 1 0
github.com/gardener/machine-controller-manager/pkg/controller/drain.go:937.29,940.9 3 0
github.com/gardener/machine-controller-manager/pkg/controller/drain.go:943.23,945.3 1 0
github.com/gardener/machine-controller-manager/pkg/controller/drain.go:947.16,949.3 1 0
github.com/gardener/machine-controller-manager/pkg/controller/drain.go:950.53,951.76 1 0
github.com/gardener/machine-controller-manager/pkg/controller/drain.go:951.76,953.4 1 0
github.com/gardener/machine-controller-manager/pkg/controller/drain.go:960.64,962.16 2 0
github.com/gardener/machine-controller-manager/pkg/controller/drain.go:966.2,967.24 2 0
github.com/gardener/machine-controller-manager/pkg/controller/drain.go:978.2,978.12 1 0
github.com/gardener/machine-controller-manager/pkg/controller/drain.go:962.16,965.3 1 0
github.com/gardener/machine-controller-manager/pkg/controller/drain.go:967.24,969.3 1 0
github.com/gardener/machine-controller-manager/pkg/controller/drain.go:969.8,974.17 4 0
github.com/gardener/machine-controller-manager/pkg/controller/drain.go:974.17,976.4 1 0
github.com/gardener/machine-controller-manager/pkg/controller/deployment_progress.go:38.137,42.43 2 0
github.com/gardener/machine-controller-manager/pkg/controller/deployment_progress.go:49.2,53.68 3 0
github.com/gardener/machine-controller-manager/pkg/controller/deployment_progress.go:102.2,102.93 1 0
github.com/gardener/machine-controller-manager/pkg/controller/deployment_progress.go:110.2,110.48 1 0
github.com/gardener/machine-controller-manager/pkg/controller/deployment_progress.go:116.2,119.12 4 0
github.com/gardener/machine-controller-manager/pkg/controller/deployment_progress.go:42.43,44.3 1 0
github.com/gardener/machine-controller-manager/pkg/controller/deployment_progress.go:53.68,54.10 1 0
github.com/gardener/machine-controller-manager/pkg/controller/deployment_progress.go:55.49,59.20 2 0
github.com/gardener/machine-controller-manager/pkg/controller/deployment_progress.go:62.4,63.57 2 0
github.com/gardener/machine-controller-manager/pkg/controller/deployment_progress.go:65.52,69.20 2 0
github.com/gardener/machine-controller-manager/pkg/controller/deployment_progress.go:72.4,80.26 2 0
github.com/gardener/machine-controller-manager/pkg/controller/deployment_progress.go:86.4,86.57 1 0
github.com/gardener/machine-controller-manager/pkg/controller/deployment_progress.go:88.49,92.20 2 0
github.com/gardener/machine-controller-manager/pkg/controller/deployment_progress.go:95.4,96.57 2 0
github.com/gardener/machine-controller-manager/pkg/controller/deployment_progress.go:59.20,61.5 1 0
github.com/gardener/machine-controller-manager/pkg/controller/deployment_progress.go:69.20,71.5 1 0
github.com/gardener/machine-controller-manager/pkg/controller/deployment_progress.go:80.26,81.53 1 0
github.com/gardener/machine-controller-manager/pkg/controller/deployment_progress.go:84.5,84.88 1 0
github.com/gardener/machine-controller-manager/pkg/controller/deployment_progress.go:81.53,83.6 1 0
github.com/gardener/machine-controller-manager/pkg/controller/deployment_progress.go:92.20,94.5 1 0
github.com/gardener/machine-controller-manager/pkg/controller/deployment_progress.go:102.93,105.3 1 0
github.com/gardener/machine-controller-manager/pkg/controller/deployment_progress.go:105.8,107.3 1 0
github.com/gardener/machine-controller-manager/pkg/controller/deployment_progress.go:110.48,114.3 2 0
github.com/gardener/machine-controller-manager/pkg/controller/deployment_progress.go:124.139,126.18 2 0
github.com/gardener/machine-controller-manager/pkg/controller/deployment_progress.go:136.2,136.25 1 0
github.com/gardener/machine-controller-manager/pkg/controller/deployment_progress.go:140.2,140.24 1 0
github.com/gardener/machine-controller-manager/pkg/controller/deployment_progress.go:153.2,153.19 1 0
github.com/gardener/machine-controller-manager/pkg/controller/deployment_progress.go:126.18,127.45 1 0
github.com/gardener/machine-controller-manager/pkg/controller/deployment_progress.go:127.45,128.51 1 0
github.com/gardener/machine-controller-manager/pkg/controller/deployment_progress.go:131.4,131.78 1 0
github.com/gardener/machine-controller-manager/pkg/controller/deployment_progress.go:128.51,129.13 1 0
github.com/gardener/machine-controller-manager/pkg/controller/deployment_progress.go:136.25,138.3 1 0
github.com/gardener/machine-controller-manager/pkg/controller/deployment_progress.go:140.24,142.16 2 0
github.com/gardener/machine-controller-manager/pkg/controller/deployment_progress.go:146.3,146.42 1 0
github.com/gardener/machine-controller-manager/pkg/controller/deployment_progress.go:142.16,143.12 1 0
github.com/gardener/machine-controller-manager/pkg/controller/deployment_progress.go:146.42,147.51 1 0
github.com/gardener/machine-controller-manager/pkg/controller/deployment_progress.go:150.4,150.78 1 0
github.com/gardener/machine-controller-manager/pkg/controller/deployment_progress.go:147.51,148.13 1 0
github.com/gardener/machine-controller-manager/pkg/controller/deployment_progress.go:162.142,165.65 2 0
github.com/gardener/machine-controller-manager/pkg/controller/deployment_progress.go:169.2,169.86 1 0
github.com/gardener/machine-controller-manager/pkg/controller/deployment_progress.go:187.2,191.25 2 0
github.com/gardener/machine-controller-manager/pkg/controller/deployment_progress.go:196.2,200.14 3 0
github.com/gardener/machine-controller-manager/pkg/controller/deployment_progress.go:165.65,167.3 1 0
github.com/gardener/machine-controller-manager/pkg/controller/deployment_progress.go:169.86,171.3 1 0
github.com/gardener/machine-controller-manager/pkg/controller/deployment_progress.go:191.25,195.3 3 0
github.com/gardener/machine-controller-manager/pkg/controller/deployment_rolling.go:46.154,55.16 5 0
github.com/gardener/machine-controller-manager/pkg/controller/deployment_rolling.go:58.2,68.51 3 0
github.com/gardener/machine-controller-manager/pkg/controller/deployment_rolling.go:82.2,82.16 1 0
github.com/gardener/machine-controller-manager/pkg/controller/deployment_rolling.go:87.2,88.16 2 0
github.com/gardener/machine-controller-manager/pkg/controller/deployment_rolling.go:91.2,91.14 1 0
github.com/gardener/machine-controller-manager/pkg/controller/deployment_rolling.go:97.2,98.16 2 0
github.com/gardener/machine-controller-manager/pkg/controller/deployment_rolling.go:101.2,101.16 1 0
github.com/gardener/machine-controller-manager/pkg/controller/deployment_rolling.go:106.2,106.45 1 0
github.com/gardener/machine-controller-manager/pkg/controller/deployment_rolling.go:121.2,121.47 1 0
github.com/gardener/machine-controller-manager/pkg/controller/deployment_rolling.go:55.16,57.3 1 0
github.com/gardener/machine-controller-manager/pkg/controller/deployment_rolling.go:68.51,72.61 1 0
github.com/gardener/machine-controller-manager/pkg/controller/deployment_rolling.go:72.61,75.18 2 0
github.com/gardener/machine-controller-manager/pkg/controller/deployment_rolling.go:75.18,78.5 2 0
github.com/gardener/machine-controller-manager/pkg/controller/deployment_rolling.go:82.16,84.3 1 0
github.com/gardener/machine-controller-manager/pkg/controller/deployment_rolling.go:88.16,90.3 1 0
github.com/gardener/machine-controller-manager/pkg/controller/deployment_rolling.go:91.14,94.3 1 0
github.com/gardener/machine-controller-manager/pkg/controller/deployment_rolling.go:98.16,100.3 1 0
github.com/gardener/machine-controller-manager/pkg/controller/deployment_rolling.go:101.16,104.3 1 0
github.com/gardener/machine-controller-manager/pkg/controller/deployment_rolling.go:106.45,107.52 1 0
github.com/gardener/machine-controller-manager/pkg/controller/deployment_rolling.go:115.3,115.64 1 0
[...]
github.com/gardener/machine-controller-manager/pkg/controller/deployment.go:258.3,258.23 1 0
github.com/gardener/machine-controller-manager/pkg/controller/deployment.go:247.17,249.4 1 0
github.com/gardener/machine-controller-manager/pkg/controller/deployment.go:251.17,253.4 1 0
github.com/gardener/machine-controller-manager/pkg/controller/deployment.go:255.42,257.4 1 0
github.com/gardener/machine-controller-manager/pkg/controller/deployment.go:258.23,260.4 1 0
github.com/gardener/machine-controller-manager/pkg/controller/deployment.go:264.88,266.16 2 0
github.com/gardener/machine-controller-manager/pkg/controller/deployment.go:271.2,271.36 1 0
github.com/gardener/machine-controller-manager/pkg/controller/deployment.go:266.16,269.3 2 0
github.com/gardener/machine-controller-manager/pkg/controller/deployment.go:274.82,276.16 2 0
github.com/gardener/machine-controller-manager/pkg/controller/deployment.go:281.2,281.47 1 0
github.com/gardener/machine-controller-manager/pkg/controller/deployment.go:276.16,279.3 2 0
github.com/gardener/machine-controller-manager/pkg/controller/deployment.go:285.114,287.16 2 0
github.com/gardener/machine-controller-manager/pkg/controller/deployment.go:292.2,292.48 1 0
github.com/gardener/machine-controller-manager/pkg/controller/deployment.go:287.16,290.3 2 0
github.com/gardener/machine-controller-manager/pkg/controller/deployment.go:296.109,301.26 4 0
github.com/gardener/machine-controller-manager/pkg/controller/deployment.go:305.2,305.47 1 0
github.com/gardener/machine-controller-manager/pkg/controller/deployment.go:309.2,310.47 2 0
github.com/gardener/machine-controller-manager/pkg/controller/deployment.go:316.2,317.26 2 0
github.com/gardener/machine-controller-manager/pkg/controller/deployment.go:320.2,320.71 1 0
github.com/gardener/machine-controller-manager/pkg/controller/deployment.go:301.26,304.3 1 0
github.com/gardener/machine-controller-manager/pkg/controller/deployment.go:305.47,308.3 1 0
github.com/gardener/machine-controller-manager/pkg/controller/deployment.go:310.47,313.3 2 0
github.com/gardener/machine-controller-manager/pkg/controller/deployment.go:317.26,319.3 1 0
github.com/gardener/machine-controller-manager/pkg/controller/deployment.go:326.138,329.47 1 0
github.com/gardener/machine-controller-manager/pkg/controller/deployment.go:332.2,333.16 2 0
github.com/gardener/machine-controller-manager/pkg/controller/deployment.go:336.2,336.32 1 0
github.com/gardener/machine-controller-manager/pkg/controller/deployment.go:341.2,341.10 1 0
github.com/gardener/machine-controller-manager/pkg/controller/deployment.go:329.47,331.3 1 0
github.com/gardener/machine-controller-manager/pkg/controller/deployment.go:333.16,335.3 1 0
github.com/gardener/machine-controller-manager/pkg/controller/deployment.go:336.32,340.3 1 0
github.com/gardener/machine-controller-manager/pkg/controller/deployment.go:344.61,345.16 1 0
github.com/gardener/machine-controller-manager/pkg/controller/deployment.go:350.2,350.61 1 0
github.com/gardener/machine-controller-manager/pkg/controller/deployment.go:356.2,358.39 3 0
github.com/gardener/machine-controller-manager/pkg/controller/deployment.go:345.16,348.3 2 0
github.com/gardener/machine-controller-manager/pkg/controller/deployment.go:350.61,354.3 3 0
github.com/gardener/machine-controller-manager/pkg/controller/deployment.go:364.121,368.16 2 0
github.com/gardener/machine-controller-manager/pkg/controller/deployment.go:371.2,372.16 2 0
github.com/gardener/machine-controller-manager/pkg/controller/deployment.go:377.2,377.73 1 0
github.com/gardener/machine-controller-manager/pkg/controller/deployment.go:387.2,389.18 3 0
github.com/gardener/machine-controller-manager/pkg/controller/deployment.go:368.16,370.3 1 0
github.com/gardener/machine-controller-manager/pkg/controller/deployment.go:372.16,374.3 1 0
github.com/gardener/machine-controller-manager/pkg/controller/deployment.go:377.73,379.17 2 0
github.com/gardener/machine-controller-manager/pkg/controller/deployment.go:382.3,382.25 1 0
github.com/gardener/machine-controller-manager/pkg/controller/deployment.go:385.3,385.20 1 0
github.com/gardener/machine-controller-manager/pkg/controller/deployment.go:379.17,381.4 1 0
github.com/gardener/machine-controller-manager/pkg/controller/deployment.go:382.25,384.4 1 0
github.com/gardener/machine-controller-manager/pkg/controller/deployment.go:396.169,399.16 2 0
github.com/gardener/machine-controller-manager/pkg/controller/deployment.go:402.2,403.16 2 0
github.com/gardener/machine-controller-manager/pkg/controller/deployment.go:407.2,408.33 2 0
github.com/gardener/machine-controller-manager/pkg/controller/deployment.go:411.2,411.35 1 0
github.com/gardener/machine-controller-manager/pkg/controller/deployment.go:423.2,423.24 1 0
github.com/gardener/machine-controller-manager/pkg/controller/deployment.go:399.16,401.3 1 0
github.com/gardener/machine-controller-manager/pkg/controller/deployment.go:403.16,405.3 1 0
github.com/gardener/machine-controller-manager/pkg/controller/deployment.go:408.33,410.3 1 0
github.com/gardener/machine-controller-manager/pkg/controller/deployment.go:411.35,415.27 2 0
github.com/gardener/machine-controller-manager/pkg/controller/deployment.go:419.3,419.59 1 0
github.com/gardener/machine-controller-manager/pkg/controller/deployment.go:415.27,416.12 1 0
github.com/gardener/machine-controller-manager/pkg/controller/deployment.go:419.59,421.4 1 0
github.com/gardener/machine-controller-manager/pkg/controller/deployment.go:428.75,431.15 3 0
github.com/gardener/machine-controller-manager/pkg/controller/deployment.go:435.2,436.16 2 0
github.com/gardener/machine-controller-manager/pkg/controller/deployment.go:439.2,440.28 2 0
github.com/gardener/machine-controller-manager/pkg/controller/deployment.go:444.2,444.16 1 0
github.com/gardener/machine-controller-manager/pkg/controller/deployment.go:448.2,451.82 2 0
github.com/gardener/machine-controller-manager/pkg/controller/deployment.go:456.2,459.16 3 0
github.com/gardener/machine-controller-manager/pkg/controller/deployment.go:463.2,464.89 2 0
github.com/gardener/machine-controller-manager/pkg/controller/deployment.go:470.2,477.32 3 0
github.com/gardener/machine-controller-manager/pkg/controller/deployment.go:481.2,482.53 2 0
github.com/gardener/machine-controller-manager/pkg/controller/deployment.go:493.2,494.16 2 0
github.com/gardener/machine-controller-manager/pkg/controller/deployment.go:502.2,503.16 2 0
github.com/gardener/machine-controller-manager/pkg/controller/deployment.go:507.2,507.32 1 0
github.com/gardener/machine-controller-manager/pkg/controller/deployment.go:523.2,523.51 1 0
github.com/gardener/machine-controller-manager/pkg/controller/deployment.go:527.2,527.19 1 0
github.com/gardener/machine-controller-manager/pkg/controller/deployment.go:534.2,534.30 1 0
github.com/gardener/machine-controller-manager/pkg/controller/deployment.go:538.2,540.16 2 0
github.com/gardener/machine-controller-manager/pkg/controller/deployment.go:543.2,543.18 1 0
github.com/gardener/machine-controller-manager/pkg/controller/deployment.go:547.2,547.30 1 0
github.com/gardener/machine-controller-manager/pkg/controller/deployment.go:553.2,553.84 1 0
github.com/gardener/machine-controller-manager/pkg/controller/deployment.go:431.15,433.3 1 0
github.com/gardener/machine-controller-manager/pkg/controller/deployment.go:436.16,438.3 1 0
github.com/gardener/machine-controller-manager/pkg/controller/deployment.go:440.28,443.3 2 0
github.com/gardener/machine-controller-manager/pkg/controller/deployment.go:444.16,446.3 1 0
github.com/gardener/machine-controller-manager/pkg/controller/deployment.go:451.82,453.3 1 0
github.com/gardener/machine-controller-manager/pkg/controller/deployment.go:459.16,461.3 1 0
github.com/gardener/machine-controller-manager/pkg/controller/deployment.go:464.89,467.3 2 0
github.com/gardener/machine-controller-manager/pkg/controller/deployment.go:477.32,479.3 1 0
github.com/gardener/machine-controller-manager/pkg/controller/deployment.go:482.53,484.49 2 0
github.com/gardener/machine-controller-manager/pkg/controller/deployment.go:488.3,488.13 1 0
github.com/gardener/machine-controller-manager/pkg/controller/deployment.go:484.49,487.4 2 0
github.com/gardener/machine-controller-manager/pkg/controller/deployment.go:494.16,496.3 1 0
github.com/gardener/machine-controller-manager/pkg/controller/deployment.go:503.16,505.3 1 0
github.com/gardener/machine-controller-manager/pkg/controller/deployment.go:507.32,508.90 1 0
github.com/gardener/machine-controller-manager/pkg/controller/deployment.go:511.3,511.28 1 0
github.com/gardener/machine-controller-manager/pkg/controller/deployment.go:515.3,517.55 3 0
github.com/gardener/machine-controller-manager/pkg/controller/deployment.go:508.90,510.4 1 0
github.com/gardener/machine-controller-manager/pkg/controller/deployment.go:511.28,514.4 2 0
github.com/gardener/machine-controller-manager/pkg/controller/deployment.go:523.51,525.3 1 0
github.com/gardener/machine-controller-manager/pkg/controller/deployment.go:527.19,529.3 1 0
github.com/gardener/machine-controller-manager/pkg/controller/deployment.go:534.30,536.3 1 0
github.com/gardener/machine-controller-manager/pkg/controller/deployment.go:540.16,542.3 1 0
github.com/gardener/machine-controller-manager/pkg/controller/deployment.go:543.18,545.3 1 0
github.com/gardener/machine-controller-manager/pkg/controller/deployment.go:548.54,549.56 1 0
github.com/gardener/machine-controller-manager/pkg/controller/deployment.go:550.59,551.55 1 0
github.com/gardener/machine-controller-manager/pkg/controller/deployment.go:556.120,563.41 3 0
github.com/gardener/machine-controller-manager/pkg/controller/deployment.go:573.2,573.11 1 0
github.com/gardener/machine-controller-manager/pkg/controller/deployment.go:563.41,564.44 1 0
github.com/gardener/machine-controller-manager/pkg/controller/deployment.go:564.44,567.43 2 0
github.com/gardener/machine-controller-manager/pkg/controller/deployment.go:570.4,570.90 1 0
github.com/gardener/machine-controller-manager/pkg/controller/deployment.go:567.43,569.5 1 0
github.com/gardener/machine-controller-manager/pkg/controller/deployment.go:581.101,584.93 2 0
github.com/gardener/machine-controller-manager/pkg/controller/deployment.go:584.93,587.3 2 0
github.com/gardener/machine-controller-manager/pkg/controller/deployment.go:590.104,593.92 2 0
github.com/gardener/machine-controller-manager/pkg/controller/deployment.go:593.92,596.3 2 0
github.com/gardener/machine-controller-manager/pkg/controller/deployment.go:599.125,602.16 2 0
github.com/gardener/machine-controller-manager/pkg/controller/deployment.go:606.2,609.16 4 0
github.com/gardener/machine-controller-manager/pkg/controller/deployment.go:602.16,604.3 1 0
github.com/gardener/machine-controller-manager/pkg/controller/deployment.go:609.16,613.3 2 0
github.com/gardener/machine-controller-manager/pkg/controller/deployment_recreate.go:32.155,42.16 5 0
github.com/gardener/machine-controller-manager/pkg/controller/deployment_recreate.go:45.2,48.51 3 0
github.com/gardener/machine-controller-manager/pkg/controller/deployment_recreate.go:63.2,64.16 2 0
github.com/gardener/machine-controller-manager/pkg/controller/deployment_recreate.go:67.2,67.16 1 0
github.com/gardener/machine-controller-manager/pkg/controller/deployment_recreate.go:73.2,73.51 1 0
github.com/gardener/machine-controller-manager/pkg/controller/deployment_recreate.go:78.2,78.18 1 0
github.com/gardener/machine-controller-manager/pkg/controller/deployment_recreate.go:87.2,87.72 1 0
github.com/gardener/machine-controller-manager/pkg/controller/deployment_recreate.go:91.2,91.45 1 0
github.com/gardener/machine-controller-manager/pkg/controller/deployment_recreate.go:106.2,106.47 1 0
github.com/gardener/machine-controller-manager/pkg/controller/deployment_recreate.go:42.16,44.3 1 0
github.com/gardener/machine-controller-manager/pkg/controller/deployment_recreate.go:48.51,52.61 1 0
github.com/gardener/machine-controller-manager/pkg/controller/deployment_recreate.go:52.61,55.18 2 0
github.com/gardener/machine-controller-manager/pkg/controller/deployment_recreate.go:55.18,58.5 2 0
github.com/gardener/machine-controller-manager/pkg/controller/deployment_recreate.go:64.16,66.3 1 0
github.com/gardener/machine-controller-manager/pkg/controller/deployment_recreate.go:67.16,70.3 1 0
github.com/gardener/machine-controller-manager/pkg/controller/deployment_recreate.go:73.51,75.3 1 0
github.com/gardener/machine-controller-manager/pkg/controller/deployment_recreate.go:78.18,80.17 2 0
github.com/gardener/machine-controller-manager/pkg/controller/deployment_recreate.go:83.3,83.33 1 0
github.com/gardener/machine-controller-manager/pkg/controller/deployment_recreate.go:80.17,82.4 1 0
github.com/gardener/machine-controller-manager/pkg/controller/deployment_recreate.go:87.72,89.3 1 0
github.com/gardener/machine-controller-manager/pkg/controller/deployment_recreate.go:91.45,92.52 1 0
github.com/gardener/machine-controller-manager/pkg/controller/deployment_recreate.go:100.3,100.64 1 0
github.com/gardener/machine-controller-manager/pkg/controller/deployment_recreate.go:92.52,96.18 2 0
github.com/gardener/machine-controller-manager/pkg/controller/deployment_recreate.go:96.18,98.5 1 0
github.com/gardener/machine-controller-manager/pkg/controller/deployment_recreate.go:100.64,102.4 1 0
github.com/gardener/machine-controller-manager/pkg/controller/deployment_recreate.go:110.143,112.24 2 0
github.com/gardener/machine-controller-manager/pkg/controller/deployment_recreate.go:127.2,127.20 1 0
github.com/gardener/machine-controller-manager/pkg/controller/deployment_recreate.go:112.24,115.30 2 0
github.com/gardener/machine-controller-manager/pkg/controller/deployment_recreate.go:118.3,119.17 2 0
github.com/gardener/machine-controller-manager/pkg/controller/deployment_recreate.go:122.3,122.15 1 0
github.com/gardener/machine-controller-manager/pkg/controller/deployment_recreate.go:115.30,116.12 1 0
github.com/gardener/machine-controller-manager/pkg/controller/deployment_recreate.go:119.17,121.4 1 0
github.com/gardener/machine-controller-manager/pkg/controller/deployment_recreate.go:122.15,125.4 2 0
github.com/gardener/machine-controller-manager/pkg/controller/deployment_recreate.go:131.137,132.81 1 0
github.com/gardener/machine-controller-manager/pkg/controller/deployment_recreate.go:135.2,135.45 1 0
github.com/gardener/machine-controller-manager/pkg/controller/deployment_recreate.go:144.2,144.14 1 0
github.com/gardener/machine-controller-manager/pkg/controller/deployment_recreate.go:132.81,134.3 1 0
github.com/gardener/machine-controller-manager/pkg/controller/deployment_recreate.go:135.45,137.41 1 0
github.com/gardener/machine-controller-manager/pkg/controller/deployment_recreate.go:140.3,140.33 1 0
github.com/gardener/machine-controller-manager/pkg/controller/deployment_recreate.go:137.41,138.12 1 0
github.com/gardener/machine-controller-manager/pkg/controller/deployment_recreate.go:140.33,142.4 1 0
github.com/gardener/machine-controller-manager/pkg/controller/deployment_recreate.go:148.137,151.2 2 0
github.com/gardener/machine-controller-manager/pkg/controller/deployment_rollback.go:39.148,41.16 2 0
github.com/gardener/machine-controller-manager/pkg/controller/deployment_rollback.go:45.2,48.22 3 0
github.com/gardener/machine-controller-manager/pkg/controller/deployment_rollback.go:56.2,56.28 1 0
github.com/gardener/machine-controller-manager/pkg/controller/deployment_rollback.go:88.2,90.56 2 0
github.com/gardener/machine-controller-manager/pkg/controller/deployment_rollback.go:41.16,43.3 1 0
github.com/gardener/machine-controller-manager/pkg/controller/deployment_rollback.go:48.22,49.59 1 0
github.com/gardener/machine-controller-manager/pkg/controller/deployment_rollback.go:49.59,54.4 2 0
github.com/gardener/machine-controller-manager/pkg/controller/deployment_rollback.go:56.28,58.17 2 0
github.com/gardener/machine-controller-manager/pkg/controller/deployment_rollback.go:62.3,62.23 1 0
github.com/gardener/machine-controller-manager/pkg/controller/deployment_rollback.go:58.17,60.12 2 0
github.com/gardener/machine-controller-manager/pkg/controller/deployment_rollback.go:62.23,74.18 3 0
github.com/gardener/machine-controller-manager/pkg/controller/deployment_rollback.go:81.4,82.39 2 0
github.com/gardener/machine-controller-manager/pkg/controller/deployment_rollback.go:85.4,85.14 1 0
github.com/gardener/machine-controller-manager/pkg/controller/deployment_rollback.go:74.18,76.5 1 0
github.com/gardener/machine-controller-manager/pkg/controller/deployment_rollback.go:82.39,84.5 1 0
github.com/gardener/machine-controller-manager/pkg/controller/deployment_rollback.go:96.112,98.59 2 0
github.com/gardener/machine-controller-manager/pkg/controller/deployment_rollback.go:120.2,120.75 1 0
github.com/gardener/machine-controller-manager/pkg/controller/deployment_rollback.go:98.59,114.3 4 0
github.com/gardener/machine-controller-manager/pkg/controller/deployment_rollback.go:114.8,118.3 3 0
github.com/gardener/machine-controller-manager/pkg/controller/deployment_rollback.go:123.103,125.2 1 0
github.com/gardener/machine-controller-manager/pkg/controller/deployment_rollback.go:127.94,129.2 1 0
github.com/gardener/machine-controller-manager/pkg/controller/deployment_rollback.go:134.102,139.2 4 0
github.com/gardener/machine-controller-manager/pkg/controller/deployment_rollback.go:142.113,144.61 1 0
github.com/gardener/machine-controller-manager/pkg/controller/deployment_rollback.go:150.2,152.16 3 0
github.com/gardener/machine-controller-manager/pkg/controller/deployment_rollback.go:159.2,160.16 2 0
github.com/gardener/machine-controller-manager/pkg/controller/deployment_rollback.go:165.2,166.16 2 0
github.com/gardener/machine-controller-manager/pkg/controller/deployment_rollback.go:172.2,172.43 1 0
github.com/gardener/machine-controller-manager/pkg/controller/deployment_rollback.go:193.2,194.6 2 0
github.com/gardener/machine-controller-manager/pkg/controller/deployment_rollback.go:228.2,230.12 2 0
github.com/gardener/machine-controller-manager/pkg/controller/deployment_rollback.go:144.61,148.3 2 0
github.com/gardener/machine-controller-manager/pkg/controller/deployment_rollback.go:152.16,154.3 1 0
github.com/gardener/machine-controller-manager/pkg/controller/deployment_rollback.go:160.16,162.3 1 0
github.com/gardener/machine-controller-manager/pkg/controller/deployment_rollback.go:166.16,168.3 1 0
github.com/gardener/machine-controller-manager/pkg/controller/deployment_rollback.go:172.43,173.32 1 0
github.com/gardener/machine-controller-manager/pkg/controller/deployment_rollback.go:173.32,175.18 2 0
github.com/gardener/machine-controller-manager/pkg/controller/deployment_rollback.go:180.4,186.18 2 0
github.com/gardener/machine-controller-manager/pkg/controller/deployment_rollback.go:189.4,189.98 1 0
github.com/gardener/machine-controller-manager/pkg/controller/deployment_rollback.go:175.18,177.13 2 0
github.com/gardener/machine-controller-manager/pkg/controller/deployment_rollback.go:186.18,188.5 1 0
github.com/gardener/machine-controller-manager/pkg/controller/deployment_rollback.go:194.6,196.17 2 0
github.com/gardener/machine-controller-manager/pkg/controller/deployment_rollback.go:208.3,213.17 4 0
github.com/gardener/machine-controller-manager/pkg/controller/deployment_rollback.go:226.3,226.8 1 0
github.com/gardener/machine-controller-manager/pkg/controller/deployment_rollback.go:196.17,197.40 1 0
github.com/gardener/machine-controller-manager/pkg/controller/deployment_rollback.go:197.40,200.13 3 0
github.com/gardener/machine-controller-manager/pkg/controller/deployment_rollback.go:201.10,205.5 2 0
github.com/gardener/machine-controller-manager/pkg/controller/deployment_rollback.go:213.17,214.40 1 0
github.com/gardener/machine-controller-manager/pkg/controller/deployment_rollback.go:214.40,217.13 3 0
github.com/gardener/machine-controller-manager/pkg/controller/deployment_rollback.go:218.10,222.5 2 0
